-- The C compiler identification is GNU 13.3.0
-- The CXX compiler identification is GNU 13.3.0
-- Detecting C compiler ABI info
-- Detecting C compiler ABI info - done
-- Check for working C compiler: /usr/bin/cc - skipped
-- Detecting C compile features
-- Detecting C compile features - done
-- Detecting CXX compiler ABI info
-- Detecting CXX compiler ABI info - done
-- Check for working CXX compiler: /usr/bin/c++ - skipped
-- Detecting CXX compile features
-- Detecting CXX compile features - done
-- Found ament_cmake: 2.7.2 (/opt/ros/rolling/share/ament_cmake/cmake)
-- Found Python3: /usr/bin/python3 (found version "3.12.3") found components: Interpreter 
-- Found rclcpp: 29.3.0 (/opt/ros/rolling/share/rclcpp/cmake)
-- Found rosidl_generator_c: 4.9.3 (/opt/ros/rolling/share/rosidl_generator_c/cmake)
-- Found rosidl_generator_cpp: 4.9.3 (/opt/ros/rolling/share/rosidl_generator_cpp/cmake)
-- Using all available rosidl_typesupport_c: rosidl_typesupport_fastrtps_c;rosidl_typesupport_introspection_c
-- Using all available rosidl_typesupport_cpp: rosidl_typesupport_fastrtps_cpp;rosidl_typesupport_introspection_cpp
-- Found rmw_implementation_cmake: 7.6.0 (/opt/ros/rolling/share/rmw_implementation_cmake/cmake)
-- Found rmw_fastrtps_cpp: 9.2.0 (/opt/ros/rolling/share/rmw_fastrtps_cpp/cmake)
-- Found OpenSSL: /usr/lib/x86_64-linux-gnu/libcrypto.so (found version "3.0.13")  
-- Found FastRTPS: /opt/ros/rolling/include (Required is at least version "2.13") 
-- Using RMW implementation 'rmw_fastrtps_cpp' as default
-- Found std_msgs: 5.4.2 (/opt/ros/rolling/share/std_msgs/cmake)
-- Found ament_lint_auto: 0.19.1 (/opt/ros/rolling/share/ament_lint_auto/cmake)
-- Added test 'cppcheck' to perform static code analysis on C / C++ code
-- Configured cppcheck include dirs: $<BUILD_INTERFACE:/home/makarand/ros2_wc/src/my_package_publisher/include>
-- Configured cppcheck exclude dirs and/or files: 
-- Added test 'lint_cmake' to check CMake code style
-- Added test 'uncrustify' to check C / C++ code style
-- Configured uncrustify additional arguments: 
-- Added test 'xmllint' to check XML markup files
-- Configuring done (1.1s)
-- Generating done (0.0s)
-- Build files have been written to: /home/makarand/ros2_wc/build/my_package_publisher
[  0%] Built target publisher_autogen_timestamp_deps
[ 16%] [34m[1mAutomatic MOC and UIC for target publisher[0m
[ 16%] Built target publisher_autogen
[ 33%] [32mBuilding CXX object CMakeFiles/publisher.dir/publisher_autogen/mocs_compilation.cpp.o[0m
[ 50%] [32mBuilding CXX object CMakeFiles/publisher.dir/src/mainwindow.cpp.o[0m
[ 66%] [32mBuilding CXX object CMakeFiles/publisher.dir/src/main.cpp.o[0m
[ 83%] [32m[1mLinking CXX executable publisher[0m
[100%] Built target publisher
-- Install configuration: ""
-- Installing: /home/makarand/ros2_wc/install/my_package_publisher/lib/my_package_publisher/publisher
-- Set non-toolchain portion of runtime path of "/home/makarand/ros2_wc/install/my_package_publisher/lib/my_package_publisher/publisher" to ""
-- Installing: /home/makarand/ros2_wc/install/my_package_publisher/share/ament_index/resource_index/package_run_dependencies/my_package_publisher
-- Installing: /home/makarand/ros2_wc/install/my_package_publisher/share/ament_index/resource_index/parent_prefix_path/my_package_publisher
-- Installing: /home/makarand/ros2_wc/install/my_package_publisher/share/my_package_publisher/environment/ament_prefix_path.sh
-- Installing: /home/makarand/ros2_wc/install/my_package_publisher/share/my_package_publisher/environment/ament_prefix_path.dsv
-- Installing: /home/makarand/ros2_wc/install/my_package_publisher/share/my_package_publisher/environment/path.sh
-- Installing: /home/makarand/ros2_wc/install/my_package_publisher/share/my_package_publisher/environment/path.dsv
-- Installing: /home/makarand/ros2_wc/install/my_package_publisher/share/my_package_publisher/local_setup.bash
-- Installing: /home/makarand/ros2_wc/install/my_package_publisher/share/my_package_publisher/local_setup.sh
-- Installing: /home/makarand/ros2_wc/install/my_package_publisher/share/my_package_publisher/local_setup.zsh
-- Installing: /home/makarand/ros2_wc/install/my_package_publisher/share/my_package_publisher/local_setup.dsv
-- Installing: /home/makarand/ros2_wc/install/my_package_publisher/share/my_package_publisher/package.dsv
-- Installing: /home/makarand/ros2_wc/install/my_package_publisher/share/ament_index/resource_index/packages/my_package_publisher
-- Installing: /home/makarand/ros2_wc/install/my_package_publisher/share/my_package_publisher/cmake/my_package_publisherConfig.cmake
-- Installing: /home/makarand/ros2_wc/install/my_package_publisher/share/my_package_publisher/cmake/my_package_publisherConfig-version.cmake
-- Installing: /home/makarand/ros2_wc/install/my_package_publisher/share/my_package_publisher/package.xml
