[0.022s] Invoking command in '/home/makarand/ros2_wc/build/my_package_publisher': CMAKE_PREFIX_PATH=${CMAKE_PREFIX_PATH}:/opt/ros/rolling DEBUGINFOD_URLS=https://debuginfod.ubuntu.com /usr/bin/cmake /home/makarand/ros2_wc/src/my_package_publisher -DCMAKE_INSTALL_PREFIX=/home/makarand/ros2_wc/install/my_package_publisher
[0.106s] -- The C compiler identification is GNU 13.3.0
[0.177s] -- The CXX compiler identification is GNU 13.3.0
[0.195s] -- Detecting C compiler ABI info
[0.358s] -- Detecting C compiler ABI info - done
[0.359s] -- Check for working C compiler: /usr/bin/cc - skipped
[0.360s] -- Detecting C compile features
[0.360s] -- Detecting C compile features - done
[0.372s] -- Detecting CXX compiler ABI info
[0.492s] -- Detecting CXX compiler ABI info - done
[0.496s] -- Check for working CXX compiler: /usr/bin/c++ - skipped
[0.496s] -- Detecting CXX compile features
[0.498s] -- Detecting CXX compile features - done
[0.523s] -- Found ament_cmake: 2.7.2 (/opt/ros/rolling/share/ament_cmake/cmake)
[0.632s] -- Found Python3: /usr/bin/python3 (found version "3.12.3") found components: Interpreter 
[0.718s] -- Found rclcpp: 29.3.0 (/opt/ros/rolling/share/rclcpp/cmake)
[0.751s] -- Found rosidl_generator_c: 4.9.3 (/opt/ros/rolling/share/rosidl_generator_c/cmake)
[0.751s] -- Found rosidl_generator_cpp: 4.9.3 (/opt/ros/rolling/share/rosidl_generator_cpp/cmake)
[0.762s] -- Using all available rosidl_typesupport_c: rosidl_typesupport_fastrtps_c;rosidl_typesupport_introspection_c
[0.775s] -- Using all available rosidl_typesupport_cpp: rosidl_typesupport_fastrtps_cpp;rosidl_typesupport_introspection_cpp
[0.829s] -- Found rmw_implementation_cmake: 7.6.0 (/opt/ros/rolling/share/rmw_implementation_cmake/cmake)
[0.831s] -- Found rmw_fastrtps_cpp: 9.2.0 (/opt/ros/rolling/share/rmw_fastrtps_cpp/cmake)
[0.934s] -- Found OpenSSL: /usr/lib/x86_64-linux-gnu/libcrypto.so (found version "3.0.13")  
[0.951s] -- Found FastRTPS: /opt/ros/rolling/include (Required is at least version "2.13") 
[1.005s] -- Using RMW implementation 'rmw_fastrtps_cpp' as default
[1.049s] -- Found std_msgs: 5.4.2 (/opt/ros/rolling/share/std_msgs/cmake)
[1.077s] -- Found ament_lint_auto: 0.19.1 (/opt/ros/rolling/share/ament_lint_auto/cmake)
[1.143s] -- Added test 'cppcheck' to perform static code analysis on C / C++ code
[1.144s] -- Configured cppcheck include dirs: $<BUILD_INTERFACE:/home/makarand/ros2_wc/src/my_package_publisher/include>
[1.144s] -- Configured cppcheck exclude dirs and/or files: 
[1.144s] -- Added test 'lint_cmake' to check CMake code style
[1.145s] -- Added test 'uncrustify' to check C / C++ code style
[1.145s] -- Configured uncrustify additional arguments: 
[1.146s] -- Added test 'xmllint' to check XML markup files
[1.147s] -- Configuring done (1.1s)
[1.194s] -- Generating done (0.0s)
[1.199s] -- Build files have been written to: /home/makarand/ros2_wc/build/my_package_publisher
[1.209s] Invoked command in '/home/makarand/ros2_wc/build/my_package_publisher' returned '0': CMAKE_PREFIX_PATH=${CMAKE_PREFIX_PATH}:/opt/ros/rolling DEBUGINFOD_URLS=https://debuginfod.ubuntu.com /usr/bin/cmake /home/makarand/ros2_wc/src/my_package_publisher -DCMAKE_INSTALL_PREFIX=/home/makarand/ros2_wc/install/my_package_publisher
[1.209s] Invoking command in '/home/makarand/ros2_wc/build/my_package_publisher': CMAKE_PREFIX_PATH=${CMAKE_PREFIX_PATH}:/opt/ros/rolling DEBUGINFOD_URLS=https://debuginfod.ubuntu.com /usr/bin/cmake --build /home/makarand/ros2_wc/build/my_package_publisher -- -j4 -l4
[1.294s] [  0%] Built target publisher_autogen_timestamp_deps
[1.323s] [ 16%] [34m[1mAutomatic MOC and UIC for target publisher[0m
[1.524s] [ 16%] Built target publisher_autogen
[1.581s] [ 33%] [32mBuilding CXX object CMakeFiles/publisher.dir/publisher_autogen/mocs_compilation.cpp.o[0m
[1.606s] [ 50%] [32mBuilding CXX object CMakeFiles/publisher.dir/src/mainwindow.cpp.o[0m
[1.606s] [ 66%] [32mBuilding CXX object CMakeFiles/publisher.dir/src/main.cpp.o[0m
[2.894s] In file included from [01m[K/opt/ros/rolling/include/rclcpp/rclcpp/node_interfaces/node_graph_interface.hpp:33[m[K,
[2.894s]                  from [01m[K/opt/ros/rolling/include/rclcpp/rclcpp/client.hpp:45[m[K,
[2.894s]                  from [01m[K/opt/ros/rolling/include/rclcpp/rclcpp/callback_group.hpp:24[m[K,
[2.894s]                  from [01m[K/opt/ros/rolling/include/rclcpp/rclcpp/any_executable.hpp:20[m[K,
[2.894s]                  from [01m[K/opt/ros/rolling/include/rclcpp/rclcpp/memory_strategy.hpp:25[m[K,
[2.894s]                  from [01m[K/opt/ros/rolling/include/rclcpp/rclcpp/memory_strategies.hpp:18[m[K,
[2.894s]                  from [01m[K/opt/ros/rolling/include/rclcpp/rclcpp/executor_options.hpp:22[m[K,
[2.894s]                  from [01m[K/opt/ros/rolling/include/rclcpp/rclcpp/executor.hpp:38[m[K,
[2.894s]                  from [01m[K/opt/ros/rolling/include/rclcpp/rclcpp/executors/multi_threaded_executor.hpp:25[m[K,
[2.894s]                  from [01m[K/opt/ros/rolling/include/rclcpp/rclcpp/executors.hpp:21[m[K,
[2.894s]                  from [01m[K/opt/ros/rolling/include/rclcpp/rclcpp/rclcpp.hpp:172[m[K,
[2.894s]                  from [01m[K/home/makarand/ros2_wc/src/my_package_publisher/src/main.cpp:2[m[K:
[2.894s] [01m[K/opt/ros/rolling/include/rclcpp/rclcpp/qos.hpp:478:35:[m[K [01;35m[Kwarning: [m[K‘[01m[Krcl_qos_profile_rosout_default[m[K’ is deprecated: use rmw_qos_profile_rosout_default instead [[01;35m[K]8;;https://gcc.gnu.org/onlinedocs/gcc/Warning-Options.html#index-Wdeprecated-declarations-Wdeprecated-declarations]8;;[m[K]
[2.894s]   478 |       QoSInitialization::from_rmw([01;35m[Krcl_qos_profile_rosout_default[m[K)
[2.894s]       |                                   [01;35m[K^~~~~~~~~~~~~~~~~~~~~~~~~~~~~~[m[K
[2.894s] In file included from [01m[K/opt/ros/rolling/include/rclcpp/rclcpp/qos.hpp:23[m[K:
[2.894s] [01m[K/opt/ros/rolling/include/rcl/rcl/logging_rosout.h:41:32:[m[K [01;36m[Knote: [m[Kdeclared here
[2.895s]    41 | static const rmw_qos_profile_t [01;36m[Krcl_qos_profile_rosout_default[m[K =
[2.895s]       |                                [01;36m[K^~~~~~~~~~~~~~~~~~~~~~~~~~~~~~[m[K
[5.765s] [ 83%] [32m[1mLinking CXX executable publisher[0m
[6.093s] [100%] Built target publisher
[6.144s] Invoked command in '/home/makarand/ros2_wc/build/my_package_publisher' returned '0': CMAKE_PREFIX_PATH=${CMAKE_PREFIX_PATH}:/opt/ros/rolling DEBUGINFOD_URLS=https://debuginfod.ubuntu.com /usr/bin/cmake --build /home/makarand/ros2_wc/build/my_package_publisher -- -j4 -l4
[6.146s] Invoking command in '/home/makarand/ros2_wc/build/my_package_publisher': CMAKE_PREFIX_PATH=${CMAKE_PREFIX_PATH}:/opt/ros/rolling DEBUGINFOD_URLS=https://debuginfod.ubuntu.com /usr/bin/cmake --install /home/makarand/ros2_wc/build/my_package_publisher
[6.155s] -- Install configuration: ""
[6.155s] -- Installing: /home/makarand/ros2_wc/install/my_package_publisher/lib/my_package_publisher/publisher
[6.156s] -- Set non-toolchain portion of runtime path of "/home/makarand/ros2_wc/install/my_package_publisher/lib/my_package_publisher/publisher" to ""
[6.156s] -- Installing: /home/makarand/ros2_wc/install/my_package_publisher/share/ament_index/resource_index/package_run_dependencies/my_package_publisher
[6.156s] -- Installing: /home/makarand/ros2_wc/install/my_package_publisher/share/ament_index/resource_index/parent_prefix_path/my_package_publisher
[6.156s] -- Installing: /home/makarand/ros2_wc/install/my_package_publisher/share/my_package_publisher/environment/ament_prefix_path.sh
[6.156s] -- Installing: /home/makarand/ros2_wc/install/my_package_publisher/share/my_package_publisher/environment/ament_prefix_path.dsv
[6.157s] -- Installing: /home/makarand/ros2_wc/install/my_package_publisher/share/my_package_publisher/environment/path.sh
[6.157s] -- Installing: /home/makarand/ros2_wc/install/my_package_publisher/share/my_package_publisher/environment/path.dsv
[6.157s] -- Installing: /home/makarand/ros2_wc/install/my_package_publisher/share/my_package_publisher/local_setup.bash
[6.157s] -- Installing: /home/makarand/ros2_wc/install/my_package_publisher/share/my_package_publisher/local_setup.sh
[6.157s] -- Installing: /home/makarand/ros2_wc/install/my_package_publisher/share/my_package_publisher/local_setup.zsh
[6.158s] -- Installing: /home/makarand/ros2_wc/install/my_package_publisher/share/my_package_publisher/local_setup.dsv
[6.158s] -- Installing: /home/makarand/ros2_wc/install/my_package_publisher/share/my_package_publisher/package.dsv
[6.158s] -- Installing: /home/makarand/ros2_wc/install/my_package_publisher/share/ament_index/resource_index/packages/my_package_publisher
[6.158s] -- Installing: /home/makarand/ros2_wc/install/my_package_publisher/share/my_package_publisher/cmake/my_package_publisherConfig.cmake
[6.158s] -- Installing: /home/makarand/ros2_wc/install/my_package_publisher/share/my_package_publisher/cmake/my_package_publisherConfig-version.cmake
[6.158s] -- Installing: /home/makarand/ros2_wc/install/my_package_publisher/share/my_package_publisher/package.xml
[6.162s] Invoked command in '/home/makarand/ros2_wc/build/my_package_publisher' returned '0': CMAKE_PREFIX_PATH=${CMAKE_PREFIX_PATH}:/opt/ros/rolling DEBUGINFOD_URLS=https://debuginfod.ubuntu.com /usr/bin/cmake --install /home/makarand/ros2_wc/build/my_package_publisher
