[0.116s] DEBUG:colcon:Command line arguments: ['/usr/bin/colcon', 'build']
[0.116s] DEBUG:colcon:Parsed command line arguments: Namespace(log_base=None, log_level=None, verb_name='build', build_base='build', install_base='install', merge_install=False, symlink_install=False, test_result_base=None, continue_on_error=False, executor='parallel', parallel_workers=4, event_handlers=None, ignore_user_meta=False, metas=['./colcon.meta'], base_paths=['.'], packages_ignore=None, packages_ignore_regex=None, paths=None, packages_up_to=None, packages_up_to_regex=None, packages_above=None, packages_above_and_dependencies=None, packages_above_depth=None, packages_select_by_dep=None, packages_skip_by_dep=None, packages_skip_up_to=None, packages_select_build_failed=False, packages_skip_build_finished=False, packages_select_test_failures=False, packages_skip_test_passed=False, packages_select=None, packages_skip=None, packages_select_regex=None, packages_skip_regex=None, packages_start=None, packages_end=None, allow_overriding=[], cmake_args=None, cmake_target=None, cmake_target_skip_unavailable=False, cmake_clean_cache=False, cmake_clean_first=False, cmake_force_configure=False, ament_cmake_args=None, catkin_cmake_args=None, catkin_skip_building_tests=False, verb_parser=<colcon_defaults.argument_parser.defaults.DefaultArgumentsDecorator object at 0x7f409427c7a0>, verb_extension=<colcon_core.verb.build.BuildVerb object at 0x7f409427cec0>, main=<bound method BuildVerb.main of <colcon_core.verb.build.BuildVerb object at 0x7f409427cec0>>)
[0.164s] Level 1:colcon.colcon_core.package_discovery:discover_packages(colcon_meta) check parameters
[0.164s] Level 1:colcon.colcon_core.package_discovery:discover_packages(recursive) check parameters
[0.164s] Level 1:colcon.colcon_core.package_discovery:discover_packages(ignore) check parameters
[0.164s] Level 1:colcon.colcon_core.package_discovery:discover_packages(path) check parameters
[0.164s] Level 1:colcon.colcon_core.package_discovery:discover_packages(colcon_meta) discover
[0.164s] Level 1:colcon.colcon_core.package_discovery:discover_packages(recursive) discover
[0.164s] INFO:colcon.colcon_core.package_discovery:Crawling recursively for packages in '/home/makarand/ros2_wc'
[0.165s] Level 1:colcon.colcon_core.package_identification:_identify(.) by extensions ['ignore', 'ignore_ament_install']
[0.165s] Level 1:colcon.colcon_core.package_identification:_identify(.) by extension 'ignore'
[0.165s] Level 1:colcon.colcon_core.package_identification:_identify(.) by extension 'ignore_ament_install'
[0.165s] Level 1:colcon.colcon_core.package_identification:_identify(.) by extensions ['colcon_pkg']
[0.165s] Level 1:colcon.colcon_core.package_identification:_identify(.) by extension 'colcon_pkg'
[0.165s] Level 1:colcon.colcon_core.package_identification:_identify(.) by extensions ['colcon_meta']
[0.165s] Level 1:colcon.colcon_core.package_identification:_identify(.) by extension 'colcon_meta'
[0.165s] Level 1:colcon.colcon_core.package_identification:_identify(.) by extensions ['ros']
[0.165s] Level 1:colcon.colcon_core.package_identification:_identify(.) by extension 'ros'
[0.198s] Level 1:colcon.colcon_core.package_identification:_identify(.) by extensions ['cmake', 'python']
[0.199s] Level 1:colcon.colcon_core.package_identification:_identify(.) by extension 'cmake'
[0.199s] Level 1:colcon.colcon_core.package_identification:_identify(.) by extension 'python'
[0.199s] Level 1:colcon.colcon_core.package_identification:_identify(.) by extensions ['python_setup_py']
[0.199s] Level 1:colcon.colcon_core.package_identification:_identify(.) by extension 'python_setup_py'
[0.199s] Level 1:colcon.colcon_core.package_identification:_identify(build) by extensions ['ignore', 'ignore_ament_install']
[0.200s] Level 1:colcon.colcon_core.package_identification:_identify(build) by extension 'ignore'
[0.200s] Level 1:colcon.colcon_core.package_identification:_identify(build) ignored
[0.200s] Level 1:colcon.colcon_core.package_identification:_identify(install) by extensions ['ignore', 'ignore_ament_install']
[0.200s] Level 1:colcon.colcon_core.package_identification:_identify(install) by extension 'ignore'
[0.200s] Level 1:colcon.colcon_core.package_identification:_identify(install) ignored
[0.200s] Level 1:colcon.colcon_core.package_identification:_identify(log) by extensions ['ignore', 'ignore_ament_install']
[0.200s] Level 1:colcon.colcon_core.package_identification:_identify(log) by extension 'ignore'
[0.200s] Level 1:colcon.colcon_core.package_identification:_identify(log) ignored
[0.200s] Level 1:colcon.colcon_core.package_identification:_identify(src) by extensions ['ignore', 'ignore_ament_install']
[0.200s] Level 1:colcon.colcon_core.package_identification:_identify(src) by extension 'ignore'
[0.200s] Level 1:colcon.colcon_core.package_identification:_identify(src) by extension 'ignore_ament_install'
[0.200s] Level 1:colcon.colcon_core.package_identification:_identify(src) by extensions ['colcon_pkg']
[0.200s] Level 1:colcon.colcon_core.package_identification:_identify(src) by extension 'colcon_pkg'
[0.200s] Level 1:colcon.colcon_core.package_identification:_identify(src) by extensions ['colcon_meta']
[0.200s] Level 1:colcon.colcon_core.package_identification:_identify(src) by extension 'colcon_meta'
[0.200s] Level 1:colcon.colcon_core.package_identification:_identify(src) by extensions ['ros']
[0.200s] Level 1:colcon.colcon_core.package_identification:_identify(src) by extension 'ros'
[0.200s] Level 1:colcon.colcon_core.package_identification:_identify(src) by extensions ['cmake', 'python']
[0.200s] Level 1:colcon.colcon_core.package_identification:_identify(src) by extension 'cmake'
[0.201s] Level 1:colcon.colcon_core.package_identification:_identify(src) by extension 'python'
[0.201s] Level 1:colcon.colcon_core.package_identification:_identify(src) by extensions ['python_setup_py']
[0.201s] Level 1:colcon.colcon_core.package_identification:_identify(src) by extension 'python_setup_py'
[0.201s] Level 1:colcon.colcon_core.package_identification:_identify(src/my_package_cpp) by extensions ['ignore', 'ignore_ament_install']
[0.201s] Level 1:colcon.colcon_core.package_identification:_identify(src/my_package_cpp) by extension 'ignore'
[0.201s] Level 1:colcon.colcon_core.package_identification:_identify(src/my_package_cpp) by extension 'ignore_ament_install'
[0.201s] Level 1:colcon.colcon_core.package_identification:_identify(src/my_package_cpp) by extensions ['colcon_pkg']
[0.201s] Level 1:colcon.colcon_core.package_identification:_identify(src/my_package_cpp) by extension 'colcon_pkg'
[0.201s] Level 1:colcon.colcon_core.package_identification:_identify(src/my_package_cpp) by extensions ['colcon_meta']
[0.201s] Level 1:colcon.colcon_core.package_identification:_identify(src/my_package_cpp) by extension 'colcon_meta'
[0.201s] Level 1:colcon.colcon_core.package_identification:_identify(src/my_package_cpp) by extensions ['ros']
[0.201s] Level 1:colcon.colcon_core.package_identification:_identify(src/my_package_cpp) by extension 'ros'
[0.204s] DEBUG:colcon.colcon_core.package_identification:Package 'src/my_package_cpp' with type 'ros.ament_cmake' and name 'my_package_cpp'
[0.204s] Level 1:colcon.colcon_core.package_identification:_identify(src/my_package_publisher) by extensions ['ignore', 'ignore_ament_install']
[0.204s] Level 1:colcon.colcon_core.package_identification:_identify(src/my_package_publisher) by extension 'ignore'
[0.204s] Level 1:colcon.colcon_core.package_identification:_identify(src/my_package_publisher) by extension 'ignore_ament_install'
[0.204s] Level 1:colcon.colcon_core.package_identification:_identify(src/my_package_publisher) by extensions ['colcon_pkg']
[0.204s] Level 1:colcon.colcon_core.package_identification:_identify(src/my_package_publisher) by extension 'colcon_pkg'
[0.204s] Level 1:colcon.colcon_core.package_identification:_identify(src/my_package_publisher) by extensions ['colcon_meta']
[0.204s] Level 1:colcon.colcon_core.package_identification:_identify(src/my_package_publisher) by extension 'colcon_meta'
[0.204s] Level 1:colcon.colcon_core.package_identification:_identify(src/my_package_publisher) by extensions ['ros']
[0.204s] Level 1:colcon.colcon_core.package_identification:_identify(src/my_package_publisher) by extension 'ros'
[0.205s] DEBUG:colcon.colcon_core.package_identification:Package 'src/my_package_publisher' with type 'ros.ament_cmake' and name 'my_package_publisher'
[0.205s] Level 1:colcon.colcon_core.package_discovery:discover_packages(recursive) using defaults
[0.205s] Level 1:colcon.colcon_core.package_discovery:discover_packages(ignore) discover
[0.205s] Level 1:colcon.colcon_core.package_discovery:discover_packages(ignore) using defaults
[0.205s] Level 1:colcon.colcon_core.package_discovery:discover_packages(path) discover
[0.205s] Level 1:colcon.colcon_core.package_discovery:discover_packages(path) using defaults
[0.226s] Level 1:colcon.colcon_core.package_discovery:discover_packages(prefix_path) check parameters
[0.227s] Level 1:colcon.colcon_core.package_discovery:discover_packages(prefix_path) discover
[0.228s] WARNING:colcon.colcon_core.prefix_path.colcon:The path '/home/makarand/ros2_ws/install' in the environment variable COLCON_PREFIX_PATH doesn't exist
[0.228s] WARNING:colcon.colcon_ros.prefix_path.catkin:The path '/home/makarand/ros2_ws/install/publisher' in the environment variable CMAKE_PREFIX_PATH doesn't exist
[0.228s] WARNING:colcon.colcon_ros.prefix_path.catkin:The path '/home/makarand/ros2_ws/install/ros2-demo' in the environment variable CMAKE_PREFIX_PATH doesn't exist
[0.229s] DEBUG:colcon.colcon_installed_package_information.package_discovery:Found 2 installed packages in /home/makarand/ros2_wc/install
[0.230s] DEBUG:colcon.colcon_installed_package_information.package_discovery:Found 284 installed packages in /opt/ros/rolling
[0.231s] Level 1:colcon.colcon_core.package_discovery:discover_packages(prefix_path) using defaults
[0.290s] Level 5:colcon.colcon_core.verb:set package 'my_package_cpp' build argument 'cmake_args' from command line to 'None'
[0.290s] Level 5:colcon.colcon_core.verb:set package 'my_package_cpp' build argument 'cmake_target' from command line to 'None'
[0.290s] Level 5:colcon.colcon_core.verb:set package 'my_package_cpp' build argument 'cmake_target_skip_unavailable' from command line to 'False'
[0.290s] Level 5:colcon.colcon_core.verb:set package 'my_package_cpp' build argument 'cmake_clean_cache' from command line to 'False'
[0.290s] Level 5:colcon.colcon_core.verb:set package 'my_package_cpp' build argument 'cmake_clean_first' from command line to 'False'
[0.290s] Level 5:colcon.colcon_core.verb:set package 'my_package_cpp' build argument 'cmake_force_configure' from command line to 'False'
[0.290s] Level 5:colcon.colcon_core.verb:set package 'my_package_cpp' build argument 'ament_cmake_args' from command line to 'None'
[0.290s] Level 5:colcon.colcon_core.verb:set package 'my_package_cpp' build argument 'catkin_cmake_args' from command line to 'None'
[0.290s] Level 5:colcon.colcon_core.verb:set package 'my_package_cpp' build argument 'catkin_skip_building_tests' from command line to 'False'
[0.290s] DEBUG:colcon.colcon_core.verb:Building package 'my_package_cpp' with the following arguments: {'ament_cmake_args': None, 'build_base': '/home/makarand/ros2_wc/build/my_package_cpp', 'catkin_cmake_args': None, 'catkin_skip_building_tests': False, 'cmake_args': None, 'cmake_clean_cache': False, 'cmake_clean_first': False, 'cmake_force_configure': False, 'cmake_target': None, 'cmake_target_skip_unavailable': False, 'install_base': '/home/makarand/ros2_wc/install/my_package_cpp', 'merge_install': False, 'path': '/home/makarand/ros2_wc/src/my_package_cpp', 'symlink_install': False, 'test_result_base': None}
[0.290s] Level 5:colcon.colcon_core.verb:set package 'my_package_publisher' build argument 'cmake_args' from command line to 'None'
[0.291s] Level 5:colcon.colcon_core.verb:set package 'my_package_publisher' build argument 'cmake_target' from command line to 'None'
[0.291s] Level 5:colcon.colcon_core.verb:set package 'my_package_publisher' build argument 'cmake_target_skip_unavailable' from command line to 'False'
[0.291s] Level 5:colcon.colcon_core.verb:set package 'my_package_publisher' build argument 'cmake_clean_cache' from command line to 'False'
[0.291s] Level 5:colcon.colcon_core.verb:set package 'my_package_publisher' build argument 'cmake_clean_first' from command line to 'False'
[0.291s] Level 5:colcon.colcon_core.verb:set package 'my_package_publisher' build argument 'cmake_force_configure' from command line to 'False'
[0.291s] Level 5:colcon.colcon_core.verb:set package 'my_package_publisher' build argument 'ament_cmake_args' from command line to 'None'
[0.291s] Level 5:colcon.colcon_core.verb:set package 'my_package_publisher' build argument 'catkin_cmake_args' from command line to 'None'
[0.291s] Level 5:colcon.colcon_core.verb:set package 'my_package_publisher' build argument 'catkin_skip_building_tests' from command line to 'False'
[0.291s] DEBUG:colcon.colcon_core.verb:Building package 'my_package_publisher' with the following arguments: {'ament_cmake_args': None, 'build_base': '/home/makarand/ros2_wc/build/my_package_publisher', 'catkin_cmake_args': None, 'catkin_skip_building_tests': False, 'cmake_args': None, 'cmake_clean_cache': False, 'cmake_clean_first': False, 'cmake_force_configure': False, 'cmake_target': None, 'cmake_target_skip_unavailable': False, 'install_base': '/home/makarand/ros2_wc/install/my_package_publisher', 'merge_install': False, 'path': '/home/makarand/ros2_wc/src/my_package_publisher', 'symlink_install': False, 'test_result_base': None}
[0.291s] INFO:colcon.colcon_core.executor:Executing jobs using 'parallel' executor
[0.292s] DEBUG:colcon.colcon_parallel_executor.executor.parallel:run_until_complete
[0.293s] INFO:colcon.colcon_ros.task.ament_cmake.build:Building ROS package in '/home/makarand/ros2_wc/src/my_package_cpp' with build type 'ament_cmake'
[0.293s] INFO:colcon.colcon_cmake.task.cmake.build:Building CMake package in '/home/makarand/ros2_wc/src/my_package_cpp'
[0.296s] INFO:colcon.colcon_core.plugin_system:Skipping extension 'colcon_core.shell.bat': Not used on non-Windows systems
[0.297s] INFO:colcon.colcon_core.shell:Skip shell extension 'powershell' for command environment: Not usable outside of PowerShell
[0.297s] DEBUG:colcon.colcon_core.shell:Skip shell extension 'dsv' for command environment
[0.303s] INFO:colcon.colcon_ros.task.ament_cmake.build:Building ROS package in '/home/makarand/ros2_wc/src/my_package_publisher' with build type 'ament_cmake'
[0.303s] INFO:colcon.colcon_cmake.task.cmake.build:Building CMake package in '/home/makarand/ros2_wc/src/my_package_publisher'
[0.304s] INFO:colcon.colcon_core.shell:Skip shell extension 'powershell' for command environment: Not usable outside of PowerShell
[0.304s] DEBUG:colcon.colcon_core.shell:Skip shell extension 'dsv' for command environment
[0.353s] DEBUG:colcon.colcon_core.event_handler.log_command:Invoking command in '/home/makarand/ros2_wc/build/my_package_cpp': CMAKE_PREFIX_PATH=${CMAKE_PREFIX_PATH}:/opt/ros/rolling DEBUGINFOD_URLS=https://debuginfod.ubuntu.com /usr/bin/cmake --build /home/makarand/ros2_wc/build/my_package_cpp -- -j4 -l4
[0.363s] DEBUG:colcon.colcon_core.event_handler.log_command:Invoking command in '/home/makarand/ros2_wc/build/my_package_publisher': CMAKE_PREFIX_PATH=${CMAKE_PREFIX_PATH}:/opt/ros/rolling DEBUGINFOD_URLS=https://debuginfod.ubuntu.com /usr/bin/cmake --build /home/makarand/ros2_wc/build/my_package_publisher -- -j4 -l4
[0.573s] DEBUG:colcon.colcon_core.event_handler.log_command:Invoked command in '/home/makarand/ros2_wc/build/my_package_cpp' returned '0': CMAKE_PREFIX_PATH=${CMAKE_PREFIX_PATH}:/opt/ros/rolling DEBUGINFOD_URLS=https://debuginfod.ubuntu.com /usr/bin/cmake --build /home/makarand/ros2_wc/build/my_package_cpp -- -j4 -l4
[0.592s] DEBUG:colcon.colcon_core.event_handler.log_command:Invoking command in '/home/makarand/ros2_wc/build/my_package_cpp': CMAKE_PREFIX_PATH=${CMAKE_PREFIX_PATH}:/opt/ros/rolling DEBUGINFOD_URLS=https://debuginfod.ubuntu.com /usr/bin/cmake --install /home/makarand/ros2_wc/build/my_package_cpp
[0.633s] Level 1:colcon.colcon_core.environment:create_environment_scripts_only(my_package_cpp)
[0.634s] DEBUG:colcon.colcon_core.event_handler.log_command:Invoked command in '/home/makarand/ros2_wc/build/my_package_cpp' returned '0': CMAKE_PREFIX_PATH=${CMAKE_PREFIX_PATH}:/opt/ros/rolling DEBUGINFOD_URLS=https://debuginfod.ubuntu.com /usr/bin/cmake --install /home/makarand/ros2_wc/build/my_package_cpp
[0.637s] Level 1:colcon.colcon_core.environment:checking '/home/makarand/ros2_wc/install/my_package_cpp' for CMake module files
[0.637s] Level 1:colcon.colcon_core.environment:checking '/home/makarand/ros2_wc/install/my_package_cpp' for CMake config files
[0.638s] Level 1:colcon.colcon_core.shell:create_environment_hook('my_package_cpp', 'cmake_prefix_path')
[0.638s] INFO:colcon.colcon_core.shell:Creating environment hook '/home/makarand/ros2_wc/install/my_package_cpp/share/my_package_cpp/hook/cmake_prefix_path.ps1'
[0.640s] INFO:colcon.colcon_core.shell:Creating environment descriptor '/home/makarand/ros2_wc/install/my_package_cpp/share/my_package_cpp/hook/cmake_prefix_path.dsv'
[0.640s] INFO:colcon.colcon_core.shell:Creating environment hook '/home/makarand/ros2_wc/install/my_package_cpp/share/my_package_cpp/hook/cmake_prefix_path.sh'
[0.642s] Level 1:colcon.colcon_core.environment:checking '/home/makarand/ros2_wc/install/my_package_cpp/lib'
[0.642s] Level 1:colcon.colcon_core.environment:checking '/home/makarand/ros2_wc/install/my_package_cpp/bin'
[0.642s] Level 1:colcon.colcon_core.environment:checking '/home/makarand/ros2_wc/install/my_package_cpp/lib/pkgconfig/my_package_cpp.pc'
[0.642s] Level 1:colcon.colcon_core.environment:checking '/home/makarand/ros2_wc/install/my_package_cpp/lib/python3.12/site-packages'
[0.643s] Level 1:colcon.colcon_core.environment:checking '/home/makarand/ros2_wc/install/my_package_cpp/bin'
[0.643s] INFO:colcon.colcon_core.shell:Creating package script '/home/makarand/ros2_wc/install/my_package_cpp/share/my_package_cpp/package.ps1'
[0.645s] INFO:colcon.colcon_core.shell:Creating package descriptor '/home/makarand/ros2_wc/install/my_package_cpp/share/my_package_cpp/package.dsv'
[0.646s] INFO:colcon.colcon_core.shell:Creating package script '/home/makarand/ros2_wc/install/my_package_cpp/share/my_package_cpp/package.sh'
[0.648s] INFO:colcon.colcon_core.shell:Creating package script '/home/makarand/ros2_wc/install/my_package_cpp/share/my_package_cpp/package.bash'
[0.649s] INFO:colcon.colcon_core.shell:Creating package script '/home/makarand/ros2_wc/install/my_package_cpp/share/my_package_cpp/package.zsh'
[0.651s] Level 1:colcon.colcon_core.environment:create_file_with_runtime_dependencies(/home/makarand/ros2_wc/install/my_package_cpp/share/colcon-core/packages/my_package_cpp)
[0.653s] Level 1:colcon.colcon_core.environment:create_environment_scripts_only(my_package_cpp)
[0.653s] Level 1:colcon.colcon_core.environment:checking '/home/makarand/ros2_wc/install/my_package_cpp' for CMake module files
[0.654s] Level 1:colcon.colcon_core.environment:checking '/home/makarand/ros2_wc/install/my_package_cpp' for CMake config files
[0.654s] Level 1:colcon.colcon_core.shell:create_environment_hook('my_package_cpp', 'cmake_prefix_path')
[0.654s] INFO:colcon.colcon_core.shell:Creating environment hook '/home/makarand/ros2_wc/install/my_package_cpp/share/my_package_cpp/hook/cmake_prefix_path.ps1'
[0.655s] INFO:colcon.colcon_core.shell:Creating environment descriptor '/home/makarand/ros2_wc/install/my_package_cpp/share/my_package_cpp/hook/cmake_prefix_path.dsv'
[0.656s] INFO:colcon.colcon_core.shell:Creating environment hook '/home/makarand/ros2_wc/install/my_package_cpp/share/my_package_cpp/hook/cmake_prefix_path.sh'
[0.657s] Level 1:colcon.colcon_core.environment:checking '/home/makarand/ros2_wc/install/my_package_cpp/lib'
[0.658s] Level 1:colcon.colcon_core.environment:checking '/home/makarand/ros2_wc/install/my_package_cpp/bin'
[0.658s] Level 1:colcon.colcon_core.environment:checking '/home/makarand/ros2_wc/install/my_package_cpp/lib/pkgconfig/my_package_cpp.pc'
[0.658s] Level 1:colcon.colcon_core.environment:checking '/home/makarand/ros2_wc/install/my_package_cpp/lib/python3.12/site-packages'
[0.658s] Level 1:colcon.colcon_core.environment:checking '/home/makarand/ros2_wc/install/my_package_cpp/bin'
[0.658s] INFO:colcon.colcon_core.shell:Creating package script '/home/makarand/ros2_wc/install/my_package_cpp/share/my_package_cpp/package.ps1'
[0.659s] INFO:colcon.colcon_core.shell:Creating package descriptor '/home/makarand/ros2_wc/install/my_package_cpp/share/my_package_cpp/package.dsv'
[0.660s] INFO:colcon.colcon_core.shell:Creating package script '/home/makarand/ros2_wc/install/my_package_cpp/share/my_package_cpp/package.sh'
[0.661s] INFO:colcon.colcon_core.shell:Creating package script '/home/makarand/ros2_wc/install/my_package_cpp/share/my_package_cpp/package.bash'
[0.662s] INFO:colcon.colcon_core.shell:Creating package script '/home/makarand/ros2_wc/install/my_package_cpp/share/my_package_cpp/package.zsh'
[0.663s] Level 1:colcon.colcon_core.environment:create_file_with_runtime_dependencies(/home/makarand/ros2_wc/install/my_package_cpp/share/colcon-core/packages/my_package_cpp)
[6.921s] DEBUG:colcon.colcon_core.event_handler.log_command:Invoked command in '/home/makarand/ros2_wc/build/my_package_publisher' returned '0': CMAKE_PREFIX_PATH=${CMAKE_PREFIX_PATH}:/opt/ros/rolling DEBUGINFOD_URLS=https://debuginfod.ubuntu.com /usr/bin/cmake --build /home/makarand/ros2_wc/build/my_package_publisher -- -j4 -l4
[6.923s] DEBUG:colcon.colcon_core.event_handler.log_command:Invoking command in '/home/makarand/ros2_wc/build/my_package_publisher': CMAKE_PREFIX_PATH=${CMAKE_PREFIX_PATH}:/opt/ros/rolling DEBUGINFOD_URLS=https://debuginfod.ubuntu.com /usr/bin/cmake --install /home/makarand/ros2_wc/build/my_package_publisher
[6.940s] Level 1:colcon.colcon_core.environment:create_environment_scripts_only(my_package_publisher)
[6.940s] Level 1:colcon.colcon_core.environment:checking '/home/makarand/ros2_wc/install/my_package_publisher' for CMake module files
[6.941s] DEBUG:colcon.colcon_core.event_handler.log_command:Invoked command in '/home/makarand/ros2_wc/build/my_package_publisher' returned '0': CMAKE_PREFIX_PATH=${CMAKE_PREFIX_PATH}:/opt/ros/rolling DEBUGINFOD_URLS=https://debuginfod.ubuntu.com /usr/bin/cmake --install /home/makarand/ros2_wc/build/my_package_publisher
[6.942s] Level 1:colcon.colcon_core.environment:checking '/home/makarand/ros2_wc/install/my_package_publisher' for CMake config files
[6.942s] Level 1:colcon.colcon_core.shell:create_environment_hook('my_package_publisher', 'cmake_prefix_path')
[6.942s] INFO:colcon.colcon_core.shell:Creating environment hook '/home/makarand/ros2_wc/install/my_package_publisher/share/my_package_publisher/hook/cmake_prefix_path.ps1'
[6.943s] INFO:colcon.colcon_core.shell:Creating environment descriptor '/home/makarand/ros2_wc/install/my_package_publisher/share/my_package_publisher/hook/cmake_prefix_path.dsv'
[6.943s] INFO:colcon.colcon_core.shell:Creating environment hook '/home/makarand/ros2_wc/install/my_package_publisher/share/my_package_publisher/hook/cmake_prefix_path.sh'
[6.944s] Level 1:colcon.colcon_core.environment:checking '/home/makarand/ros2_wc/install/my_package_publisher/lib'
[6.945s] Level 1:colcon.colcon_core.environment:checking '/home/makarand/ros2_wc/install/my_package_publisher/bin'
[6.945s] Level 1:colcon.colcon_core.environment:checking '/home/makarand/ros2_wc/install/my_package_publisher/lib/pkgconfig/my_package_publisher.pc'
[6.945s] Level 1:colcon.colcon_core.environment:checking '/home/makarand/ros2_wc/install/my_package_publisher/lib/python3.12/site-packages'
[6.945s] Level 1:colcon.colcon_core.environment:checking '/home/makarand/ros2_wc/install/my_package_publisher/bin'
[6.945s] INFO:colcon.colcon_core.shell:Creating package script '/home/makarand/ros2_wc/install/my_package_publisher/share/my_package_publisher/package.ps1'
[6.946s] INFO:colcon.colcon_core.shell:Creating package descriptor '/home/makarand/ros2_wc/install/my_package_publisher/share/my_package_publisher/package.dsv'
[6.946s] INFO:colcon.colcon_core.shell:Creating package script '/home/makarand/ros2_wc/install/my_package_publisher/share/my_package_publisher/package.sh'
[6.947s] INFO:colcon.colcon_core.shell:Creating package script '/home/makarand/ros2_wc/install/my_package_publisher/share/my_package_publisher/package.bash'
[6.948s] INFO:colcon.colcon_core.shell:Creating package script '/home/makarand/ros2_wc/install/my_package_publisher/share/my_package_publisher/package.zsh'
[6.948s] Level 1:colcon.colcon_core.environment:create_file_with_runtime_dependencies(/home/makarand/ros2_wc/install/my_package_publisher/share/colcon-core/packages/my_package_publisher)
[6.949s] Level 1:colcon.colcon_core.environment:create_environment_scripts_only(my_package_publisher)
[6.949s] Level 1:colcon.colcon_core.environment:checking '/home/makarand/ros2_wc/install/my_package_publisher' for CMake module files
[6.949s] Level 1:colcon.colcon_core.environment:checking '/home/makarand/ros2_wc/install/my_package_publisher' for CMake config files
[6.949s] Level 1:colcon.colcon_core.shell:create_environment_hook('my_package_publisher', 'cmake_prefix_path')
[6.950s] INFO:colcon.colcon_core.shell:Creating environment hook '/home/makarand/ros2_wc/install/my_package_publisher/share/my_package_publisher/hook/cmake_prefix_path.ps1'
[6.950s] INFO:colcon.colcon_core.shell:Creating environment descriptor '/home/makarand/ros2_wc/install/my_package_publisher/share/my_package_publisher/hook/cmake_prefix_path.dsv'
[6.951s] INFO:colcon.colcon_core.shell:Creating environment hook '/home/makarand/ros2_wc/install/my_package_publisher/share/my_package_publisher/hook/cmake_prefix_path.sh'
[6.951s] Level 1:colcon.colcon_core.environment:checking '/home/makarand/ros2_wc/install/my_package_publisher/lib'
[6.952s] Level 1:colcon.colcon_core.environment:checking '/home/makarand/ros2_wc/install/my_package_publisher/bin'
[6.952s] Level 1:colcon.colcon_core.environment:checking '/home/makarand/ros2_wc/install/my_package_publisher/lib/pkgconfig/my_package_publisher.pc'
[6.952s] Level 1:colcon.colcon_core.environment:checking '/home/makarand/ros2_wc/install/my_package_publisher/lib/python3.12/site-packages'
[6.952s] Level 1:colcon.colcon_core.environment:checking '/home/makarand/ros2_wc/install/my_package_publisher/bin'
[6.953s] INFO:colcon.colcon_core.shell:Creating package script '/home/makarand/ros2_wc/install/my_package_publisher/share/my_package_publisher/package.ps1'
[6.953s] INFO:colcon.colcon_core.shell:Creating package descriptor '/home/makarand/ros2_wc/install/my_package_publisher/share/my_package_publisher/package.dsv'
[6.954s] INFO:colcon.colcon_core.shell:Creating package script '/home/makarand/ros2_wc/install/my_package_publisher/share/my_package_publisher/package.sh'
[6.954s] INFO:colcon.colcon_core.shell:Creating package script '/home/makarand/ros2_wc/install/my_package_publisher/share/my_package_publisher/package.bash'
[6.955s] INFO:colcon.colcon_core.shell:Creating package script '/home/makarand/ros2_wc/install/my_package_publisher/share/my_package_publisher/package.zsh'
[6.956s] Level 1:colcon.colcon_core.environment:create_file_with_runtime_dependencies(/home/makarand/ros2_wc/install/my_package_publisher/share/colcon-core/packages/my_package_publisher)
[6.956s] DEBUG:colcon.colcon_parallel_executor.executor.parallel:closing loop
[6.956s] DEBUG:colcon.colcon_parallel_executor.executor.parallel:loop closed
[6.958s] DEBUG:colcon.colcon_parallel_executor.executor.parallel:run_until_complete finished with '0'
[6.958s] DEBUG:colcon.colcon_core.event_reactor:joining thread
[6.964s] INFO:colcon.colcon_core.plugin_system:Skipping extension 'colcon_notification.desktop_notification.terminal_notifier': Not used on non-Darwin systems
[6.965s] INFO:colcon.colcon_core.plugin_system:Skipping extension 'colcon_notification.desktop_notification.win32': Not used on non-Windows systems
[6.965s] INFO:colcon.colcon_notification.desktop_notification:Sending desktop notification using 'notify2'
[7.009s] DEBUG:colcon.colcon_core.event_reactor:joined thread
[7.010s] INFO:colcon.colcon_core.shell:Creating prefix script '/home/makarand/ros2_wc/install/local_setup.ps1'
[7.011s] INFO:colcon.colcon_core.shell:Creating prefix util module '/home/makarand/ros2_wc/install/_local_setup_util_ps1.py'
[7.012s] INFO:colcon.colcon_core.shell:Creating prefix chain script '/home/makarand/ros2_wc/install/setup.ps1'
[7.014s] INFO:colcon.colcon_core.shell:Creating prefix script '/home/makarand/ros2_wc/install/local_setup.sh'
[7.014s] INFO:colcon.colcon_core.shell:Creating prefix util module '/home/makarand/ros2_wc/install/_local_setup_util_sh.py'
[7.015s] INFO:colcon.colcon_core.shell:Creating prefix chain script '/home/makarand/ros2_wc/install/setup.sh'
[7.016s] INFO:colcon.colcon_core.shell:Creating prefix script '/home/makarand/ros2_wc/install/local_setup.bash'
[7.017s] INFO:colcon.colcon_core.shell:Creating prefix chain script '/home/makarand/ros2_wc/install/setup.bash'
[7.018s] INFO:colcon.colcon_core.shell:Creating prefix script '/home/makarand/ros2_wc/install/local_setup.zsh'
[7.019s] INFO:colcon.colcon_core.shell:Creating prefix chain script '/home/makarand/ros2_wc/install/setup.zsh'
