[0.074s] DEBUG:colcon:Command line arguments: ['/usr/bin/colcon', 'build']
[0.074s] DEBUG:colcon:Parsed command line arguments: Namespace(log_base=None, log_level=None, verb_name='build', build_base='build', install_base='install', merge_install=False, symlink_install=False, test_result_base=None, continue_on_error=False, executor='parallel', parallel_workers=4, event_handlers=None, ignore_user_meta=False, metas=['./colcon.meta'], base_paths=['.'], packages_ignore=None, packages_ignore_regex=None, paths=None, packages_up_to=None, packages_up_to_regex=None, packages_above=None, packages_above_and_dependencies=None, packages_above_depth=None, packages_select_by_dep=None, packages_skip_by_dep=None, packages_skip_up_to=None, packages_select_build_failed=False, packages_skip_build_finished=False, packages_select_test_failures=False, packages_skip_test_passed=False, packages_select=None, packages_skip=None, packages_select_regex=None, packages_skip_regex=None, packages_start=None, packages_end=None, allow_overriding=[], cmake_args=None, cmake_target=None, cmake_target_skip_unavailable=False, cmake_clean_cache=False, cmake_clean_first=False, cmake_force_configure=False, ament_cmake_args=None, catkin_cmake_args=None, catkin_skip_building_tests=False, verb_parser=<colcon_defaults.argument_parser.defaults.DefaultArgumentsDecorator object at 0x7b14d3b79250>, verb_extension=<colcon_core.verb.build.BuildVerb object at 0x7b14d3b790a0>, main=<bound method BuildVerb.main of <colcon_core.verb.build.BuildVerb object at 0x7b14d3b790a0>>)
[0.101s] Level 1:colcon.colcon_core.package_discovery:discover_packages(colcon_meta) check parameters
[0.101s] Level 1:colcon.colcon_core.package_discovery:discover_packages(recursive) check parameters
[0.101s] Level 1:colcon.colcon_core.package_discovery:discover_packages(ignore) check parameters
[0.101s] Level 1:colcon.colcon_core.package_discovery:discover_packages(path) check parameters
[0.101s] Level 1:colcon.colcon_core.package_discovery:discover_packages(colcon_meta) discover
[0.101s] Level 1:colcon.colcon_core.package_discovery:discover_packages(recursive) discover
[0.101s] INFO:colcon.colcon_core.package_discovery:Crawling recursively for packages in '/home/makarand/ros2_wc'
[0.101s] Level 1:colcon.colcon_core.package_identification:_identify(.) by extensions ['ignore', 'ignore_ament_install']
[0.101s] Level 1:colcon.colcon_core.package_identification:_identify(.) by extension 'ignore'
[0.101s] Level 1:colcon.colcon_core.package_identification:_identify(.) by extension 'ignore_ament_install'
[0.101s] Level 1:colcon.colcon_core.package_identification:_identify(.) by extensions ['colcon_pkg']
[0.101s] Level 1:colcon.colcon_core.package_identification:_identify(.) by extension 'colcon_pkg'
[0.101s] Level 1:colcon.colcon_core.package_identification:_identify(.) by extensions ['colcon_meta']
[0.101s] Level 1:colcon.colcon_core.package_identification:_identify(.) by extension 'colcon_meta'
[0.101s] Level 1:colcon.colcon_core.package_identification:_identify(.) by extensions ['ros']
[0.101s] Level 1:colcon.colcon_core.package_identification:_identify(.) by extension 'ros'
[0.120s] Level 1:colcon.colcon_core.package_identification:_identify(.) by extensions ['cmake', 'python']
[0.120s] Level 1:colcon.colcon_core.package_identification:_identify(.) by extension 'cmake'
[0.120s] Level 1:colcon.colcon_core.package_identification:_identify(.) by extension 'python'
[0.120s] Level 1:colcon.colcon_core.package_identification:_identify(.) by extensions ['python_setup_py']
[0.120s] Level 1:colcon.colcon_core.package_identification:_identify(.) by extension 'python_setup_py'
[0.120s] Level 1:colcon.colcon_core.package_identification:_identify(build) by extensions ['ignore', 'ignore_ament_install']
[0.120s] Level 1:colcon.colcon_core.package_identification:_identify(build) by extension 'ignore'
[0.120s] Level 1:colcon.colcon_core.package_identification:_identify(build) ignored
[0.120s] Level 1:colcon.colcon_core.package_identification:_identify(install) by extensions ['ignore', 'ignore_ament_install']
[0.120s] Level 1:colcon.colcon_core.package_identification:_identify(install) by extension 'ignore'
[0.120s] Level 1:colcon.colcon_core.package_identification:_identify(install) ignored
[0.120s] Level 1:colcon.colcon_core.package_identification:_identify(log) by extensions ['ignore', 'ignore_ament_install']
[0.120s] Level 1:colcon.colcon_core.package_identification:_identify(log) by extension 'ignore'
[0.120s] Level 1:colcon.colcon_core.package_identification:_identify(log) ignored
[0.120s] Level 1:colcon.colcon_core.package_identification:_identify(src) by extensions ['ignore', 'ignore_ament_install']
[0.120s] Level 1:colcon.colcon_core.package_identification:_identify(src) by extension 'ignore'
[0.120s] Level 1:colcon.colcon_core.package_identification:_identify(src) by extension 'ignore_ament_install'
[0.120s] Level 1:colcon.colcon_core.package_identification:_identify(src) by extensions ['colcon_pkg']
[0.120s] Level 1:colcon.colcon_core.package_identification:_identify(src) by extension 'colcon_pkg'
[0.120s] Level 1:colcon.colcon_core.package_identification:_identify(src) by extensions ['colcon_meta']
[0.120s] Level 1:colcon.colcon_core.package_identification:_identify(src) by extension 'colcon_meta'
[0.120s] Level 1:colcon.colcon_core.package_identification:_identify(src) by extensions ['ros']
[0.120s] Level 1:colcon.colcon_core.package_identification:_identify(src) by extension 'ros'
[0.121s] Level 1:colcon.colcon_core.package_identification:_identify(src) by extensions ['cmake', 'python']
[0.121s] Level 1:colcon.colcon_core.package_identification:_identify(src) by extension 'cmake'
[0.121s] Level 1:colcon.colcon_core.package_identification:_identify(src) by extension 'python'
[0.121s] Level 1:colcon.colcon_core.package_identification:_identify(src) by extensions ['python_setup_py']
[0.121s] Level 1:colcon.colcon_core.package_identification:_identify(src) by extension 'python_setup_py'
[0.121s] Level 1:colcon.colcon_core.package_identification:_identify(src/my_package_cpp) by extensions ['ignore', 'ignore_ament_install']
[0.121s] Level 1:colcon.colcon_core.package_identification:_identify(src/my_package_cpp) by extension 'ignore'
[0.121s] Level 1:colcon.colcon_core.package_identification:_identify(src/my_package_cpp) by extension 'ignore_ament_install'
[0.121s] Level 1:colcon.colcon_core.package_identification:_identify(src/my_package_cpp) by extensions ['colcon_pkg']
[0.121s] Level 1:colcon.colcon_core.package_identification:_identify(src/my_package_cpp) by extension 'colcon_pkg'
[0.121s] Level 1:colcon.colcon_core.package_identification:_identify(src/my_package_cpp) by extensions ['colcon_meta']
[0.121s] Level 1:colcon.colcon_core.package_identification:_identify(src/my_package_cpp) by extension 'colcon_meta'
[0.121s] Level 1:colcon.colcon_core.package_identification:_identify(src/my_package_cpp) by extensions ['ros']
[0.121s] Level 1:colcon.colcon_core.package_identification:_identify(src/my_package_cpp) by extension 'ros'
[0.122s] DEBUG:colcon.colcon_core.package_identification:Package 'src/my_package_cpp' with type 'ros.ament_cmake' and name 'my_package_cpp'
[0.122s] Level 1:colcon.colcon_core.package_identification:_identify(src/my_package_publisher) by extensions ['ignore', 'ignore_ament_install']
[0.123s] Level 1:colcon.colcon_core.package_identification:_identify(src/my_package_publisher) by extension 'ignore'
[0.123s] Level 1:colcon.colcon_core.package_identification:_identify(src/my_package_publisher) by extension 'ignore_ament_install'
[0.123s] Level 1:colcon.colcon_core.package_identification:_identify(src/my_package_publisher) by extensions ['colcon_pkg']
[0.123s] Level 1:colcon.colcon_core.package_identification:_identify(src/my_package_publisher) by extension 'colcon_pkg'
[0.123s] Level 1:colcon.colcon_core.package_identification:_identify(src/my_package_publisher) by extensions ['colcon_meta']
[0.123s] Level 1:colcon.colcon_core.package_identification:_identify(src/my_package_publisher) by extension 'colcon_meta'
[0.123s] Level 1:colcon.colcon_core.package_identification:_identify(src/my_package_publisher) by extensions ['ros']
[0.123s] Level 1:colcon.colcon_core.package_identification:_identify(src/my_package_publisher) by extension 'ros'
[0.123s] DEBUG:colcon.colcon_core.package_identification:Package 'src/my_package_publisher' with type 'ros.ament_cmake' and name 'my_package_publisher'
[0.123s] Level 1:colcon.colcon_core.package_discovery:discover_packages(recursive) using defaults
[0.123s] Level 1:colcon.colcon_core.package_discovery:discover_packages(ignore) discover
[0.123s] Level 1:colcon.colcon_core.package_discovery:discover_packages(ignore) using defaults
[0.123s] Level 1:colcon.colcon_core.package_discovery:discover_packages(path) discover
[0.123s] Level 1:colcon.colcon_core.package_discovery:discover_packages(path) using defaults
[0.136s] Level 1:colcon.colcon_core.package_discovery:discover_packages(prefix_path) check parameters
[0.136s] Level 1:colcon.colcon_core.package_discovery:discover_packages(prefix_path) discover
[0.136s] WARNING:colcon.colcon_core.prefix_path.colcon:The path '/home/makarand/ros2_ws/install' in the environment variable COLCON_PREFIX_PATH doesn't exist
[0.136s] WARNING:colcon.colcon_ros.prefix_path.catkin:The path '/home/makarand/ros2_ws/install/publisher' in the environment variable CMAKE_PREFIX_PATH doesn't exist
[0.136s] WARNING:colcon.colcon_ros.prefix_path.catkin:The path '/home/makarand/ros2_ws/install/ros2-demo' in the environment variable CMAKE_PREFIX_PATH doesn't exist
[0.137s] DEBUG:colcon.colcon_installed_package_information.package_discovery:Found 2 installed packages in /home/makarand/ros2_wc/install
[0.138s] DEBUG:colcon.colcon_installed_package_information.package_discovery:Found 284 installed packages in /opt/ros/rolling
[0.138s] Level 1:colcon.colcon_core.package_discovery:discover_packages(prefix_path) using defaults
[0.172s] Level 5:colcon.colcon_core.verb:set package 'my_package_cpp' build argument 'cmake_args' from command line to 'None'
[0.172s] Level 5:colcon.colcon_core.verb:set package 'my_package_cpp' build argument 'cmake_target' from command line to 'None'
[0.172s] Level 5:colcon.colcon_core.verb:set package 'my_package_cpp' build argument 'cmake_target_skip_unavailable' from command line to 'False'
[0.172s] Level 5:colcon.colcon_core.verb:set package 'my_package_cpp' build argument 'cmake_clean_cache' from command line to 'False'
[0.172s] Level 5:colcon.colcon_core.verb:set package 'my_package_cpp' build argument 'cmake_clean_first' from command line to 'False'
[0.172s] Level 5:colcon.colcon_core.verb:set package 'my_package_cpp' build argument 'cmake_force_configure' from command line to 'False'
[0.172s] Level 5:colcon.colcon_core.verb:set package 'my_package_cpp' build argument 'ament_cmake_args' from command line to 'None'
[0.172s] Level 5:colcon.colcon_core.verb:set package 'my_package_cpp' build argument 'catkin_cmake_args' from command line to 'None'
[0.172s] Level 5:colcon.colcon_core.verb:set package 'my_package_cpp' build argument 'catkin_skip_building_tests' from command line to 'False'
[0.172s] DEBUG:colcon.colcon_core.verb:Building package 'my_package_cpp' with the following arguments: {'ament_cmake_args': None, 'build_base': '/home/makarand/ros2_wc/build/my_package_cpp', 'catkin_cmake_args': None, 'catkin_skip_building_tests': False, 'cmake_args': None, 'cmake_clean_cache': False, 'cmake_clean_first': False, 'cmake_force_configure': False, 'cmake_target': None, 'cmake_target_skip_unavailable': False, 'install_base': '/home/makarand/ros2_wc/install/my_package_cpp', 'merge_install': False, 'path': '/home/makarand/ros2_wc/src/my_package_cpp', 'symlink_install': False, 'test_result_base': None}
[0.172s] Level 5:colcon.colcon_core.verb:set package 'my_package_publisher' build argument 'cmake_args' from command line to 'None'
[0.172s] Level 5:colcon.colcon_core.verb:set package 'my_package_publisher' build argument 'cmake_target' from command line to 'None'
[0.172s] Level 5:colcon.colcon_core.verb:set package 'my_package_publisher' build argument 'cmake_target_skip_unavailable' from command line to 'False'
[0.172s] Level 5:colcon.colcon_core.verb:set package 'my_package_publisher' build argument 'cmake_clean_cache' from command line to 'False'
[0.172s] Level 5:colcon.colcon_core.verb:set package 'my_package_publisher' build argument 'cmake_clean_first' from command line to 'False'
[0.172s] Level 5:colcon.colcon_core.verb:set package 'my_package_publisher' build argument 'cmake_force_configure' from command line to 'False'
[0.172s] Level 5:colcon.colcon_core.verb:set package 'my_package_publisher' build argument 'ament_cmake_args' from command line to 'None'
[0.172s] Level 5:colcon.colcon_core.verb:set package 'my_package_publisher' build argument 'catkin_cmake_args' from command line to 'None'
[0.172s] Level 5:colcon.colcon_core.verb:set package 'my_package_publisher' build argument 'catkin_skip_building_tests' from command line to 'False'
[0.172s] DEBUG:colcon.colcon_core.verb:Building package 'my_package_publisher' with the following arguments: {'ament_cmake_args': None, 'build_base': '/home/makarand/ros2_wc/build/my_package_publisher', 'catkin_cmake_args': None, 'catkin_skip_building_tests': False, 'cmake_args': None, 'cmake_clean_cache': False, 'cmake_clean_first': False, 'cmake_force_configure': False, 'cmake_target': None, 'cmake_target_skip_unavailable': False, 'install_base': '/home/makarand/ros2_wc/install/my_package_publisher', 'merge_install': False, 'path': '/home/makarand/ros2_wc/src/my_package_publisher', 'symlink_install': False, 'test_result_base': None}
[0.172s] INFO:colcon.colcon_core.executor:Executing jobs using 'parallel' executor
[0.174s] DEBUG:colcon.colcon_parallel_executor.executor.parallel:run_until_complete
[0.174s] INFO:colcon.colcon_ros.task.ament_cmake.build:Building ROS package in '/home/makarand/ros2_wc/src/my_package_cpp' with build type 'ament_cmake'
[0.174s] INFO:colcon.colcon_cmake.task.cmake.build:Building CMake package in '/home/makarand/ros2_wc/src/my_package_cpp'
[0.176s] INFO:colcon.colcon_core.plugin_system:Skipping extension 'colcon_core.shell.bat': Not used on non-Windows systems
[0.176s] INFO:colcon.colcon_core.shell:Skip shell extension 'powershell' for command environment: Not usable outside of PowerShell
[0.176s] DEBUG:colcon.colcon_core.shell:Skip shell extension 'dsv' for command environment
[0.179s] INFO:colcon.colcon_ros.task.ament_cmake.build:Building ROS package in '/home/makarand/ros2_wc/src/my_package_publisher' with build type 'ament_cmake'
[0.180s] INFO:colcon.colcon_cmake.task.cmake.build:Building CMake package in '/home/makarand/ros2_wc/src/my_package_publisher'
[0.180s] INFO:colcon.colcon_core.shell:Skip shell extension 'powershell' for command environment: Not usable outside of PowerShell
[0.180s] DEBUG:colcon.colcon_core.shell:Skip shell extension 'dsv' for command environment
[0.190s] DEBUG:colcon.colcon_core.event_handler.log_command:Invoking command in '/home/makarand/ros2_wc/build/my_package_cpp': CMAKE_PREFIX_PATH=${CMAKE_PREFIX_PATH}:/opt/ros/rolling DEBUGINFOD_URLS=https://debuginfod.ubuntu.com /usr/bin/cmake --build /home/makarand/ros2_wc/build/my_package_cpp -- -j4 -l4
[0.201s] DEBUG:colcon.colcon_core.event_handler.log_command:Invoking command in '/home/makarand/ros2_wc/build/my_package_publisher': CMAKE_PREFIX_PATH=${CMAKE_PREFIX_PATH}:/opt/ros/rolling DEBUGINFOD_URLS=https://debuginfod.ubuntu.com /usr/bin/cmake /home/makarand/ros2_wc/src/my_package_publisher -DCMAKE_INSTALL_PREFIX=/home/makarand/ros2_wc/install/my_package_publisher
[0.331s] DEBUG:colcon.colcon_core.event_handler.log_command:Invoked command in '/home/makarand/ros2_wc/build/my_package_cpp' returned '0': CMAKE_PREFIX_PATH=${CMAKE_PREFIX_PATH}:/opt/ros/rolling DEBUGINFOD_URLS=https://debuginfod.ubuntu.com /usr/bin/cmake --build /home/makarand/ros2_wc/build/my_package_cpp -- -j4 -l4
[0.340s] DEBUG:colcon.colcon_core.event_handler.log_command:Invoking command in '/home/makarand/ros2_wc/build/my_package_cpp': CMAKE_PREFIX_PATH=${CMAKE_PREFIX_PATH}:/opt/ros/rolling DEBUGINFOD_URLS=https://debuginfod.ubuntu.com /usr/bin/cmake --install /home/makarand/ros2_wc/build/my_package_cpp
[0.352s] Level 1:colcon.colcon_core.environment:create_environment_scripts_only(my_package_cpp)
[0.357s] DEBUG:colcon.colcon_core.event_handler.log_command:Invoked command in '/home/makarand/ros2_wc/build/my_package_cpp' returned '0': CMAKE_PREFIX_PATH=${CMAKE_PREFIX_PATH}:/opt/ros/rolling DEBUGINFOD_URLS=https://debuginfod.ubuntu.com /usr/bin/cmake --install /home/makarand/ros2_wc/build/my_package_cpp
[0.359s] Level 1:colcon.colcon_core.environment:checking '/home/makarand/ros2_wc/install/my_package_cpp' for CMake module files
[0.359s] Level 1:colcon.colcon_core.environment:checking '/home/makarand/ros2_wc/install/my_package_cpp' for CMake config files
[0.359s] Level 1:colcon.colcon_core.shell:create_environment_hook('my_package_cpp', 'cmake_prefix_path')
[0.359s] INFO:colcon.colcon_core.shell:Creating environment hook '/home/makarand/ros2_wc/install/my_package_cpp/share/my_package_cpp/hook/cmake_prefix_path.ps1'
[0.360s] INFO:colcon.colcon_core.shell:Creating environment descriptor '/home/makarand/ros2_wc/install/my_package_cpp/share/my_package_cpp/hook/cmake_prefix_path.dsv'
[0.361s] INFO:colcon.colcon_core.shell:Creating environment hook '/home/makarand/ros2_wc/install/my_package_cpp/share/my_package_cpp/hook/cmake_prefix_path.sh'
[0.362s] Level 1:colcon.colcon_core.environment:checking '/home/makarand/ros2_wc/install/my_package_cpp/lib'
[0.362s] Level 1:colcon.colcon_core.environment:checking '/home/makarand/ros2_wc/install/my_package_cpp/bin'
[0.362s] Level 1:colcon.colcon_core.environment:checking '/home/makarand/ros2_wc/install/my_package_cpp/lib/pkgconfig/my_package_cpp.pc'
[0.363s] Level 1:colcon.colcon_core.environment:checking '/home/makarand/ros2_wc/install/my_package_cpp/lib/python3.12/site-packages'
[0.363s] Level 1:colcon.colcon_core.environment:checking '/home/makarand/ros2_wc/install/my_package_cpp/bin'
[0.363s] INFO:colcon.colcon_core.shell:Creating package script '/home/makarand/ros2_wc/install/my_package_cpp/share/my_package_cpp/package.ps1'
[0.364s] INFO:colcon.colcon_core.shell:Creating package descriptor '/home/makarand/ros2_wc/install/my_package_cpp/share/my_package_cpp/package.dsv'
[0.365s] INFO:colcon.colcon_core.shell:Creating package script '/home/makarand/ros2_wc/install/my_package_cpp/share/my_package_cpp/package.sh'
[0.366s] INFO:colcon.colcon_core.shell:Creating package script '/home/makarand/ros2_wc/install/my_package_cpp/share/my_package_cpp/package.bash'
[0.367s] INFO:colcon.colcon_core.shell:Creating package script '/home/makarand/ros2_wc/install/my_package_cpp/share/my_package_cpp/package.zsh'
[0.368s] Level 1:colcon.colcon_core.environment:create_file_with_runtime_dependencies(/home/makarand/ros2_wc/install/my_package_cpp/share/colcon-core/packages/my_package_cpp)
[0.368s] Level 1:colcon.colcon_core.environment:create_environment_scripts_only(my_package_cpp)
[0.368s] Level 1:colcon.colcon_core.environment:checking '/home/makarand/ros2_wc/install/my_package_cpp' for CMake module files
[0.369s] Level 1:colcon.colcon_core.environment:checking '/home/makarand/ros2_wc/install/my_package_cpp' for CMake config files
[0.369s] Level 1:colcon.colcon_core.shell:create_environment_hook('my_package_cpp', 'cmake_prefix_path')
[0.369s] INFO:colcon.colcon_core.shell:Creating environment hook '/home/makarand/ros2_wc/install/my_package_cpp/share/my_package_cpp/hook/cmake_prefix_path.ps1'
[0.369s] INFO:colcon.colcon_core.shell:Creating environment descriptor '/home/makarand/ros2_wc/install/my_package_cpp/share/my_package_cpp/hook/cmake_prefix_path.dsv'
[0.370s] INFO:colcon.colcon_core.shell:Creating environment hook '/home/makarand/ros2_wc/install/my_package_cpp/share/my_package_cpp/hook/cmake_prefix_path.sh'
[0.371s] Level 1:colcon.colcon_core.environment:checking '/home/makarand/ros2_wc/install/my_package_cpp/lib'
[0.371s] Level 1:colcon.colcon_core.environment:checking '/home/makarand/ros2_wc/install/my_package_cpp/bin'
[0.371s] Level 1:colcon.colcon_core.environment:checking '/home/makarand/ros2_wc/install/my_package_cpp/lib/pkgconfig/my_package_cpp.pc'
[0.371s] Level 1:colcon.colcon_core.environment:checking '/home/makarand/ros2_wc/install/my_package_cpp/lib/python3.12/site-packages'
[0.372s] Level 1:colcon.colcon_core.environment:checking '/home/makarand/ros2_wc/install/my_package_cpp/bin'
[0.372s] INFO:colcon.colcon_core.shell:Creating package script '/home/makarand/ros2_wc/install/my_package_cpp/share/my_package_cpp/package.ps1'
[0.372s] INFO:colcon.colcon_core.shell:Creating package descriptor '/home/makarand/ros2_wc/install/my_package_cpp/share/my_package_cpp/package.dsv'
[0.373s] INFO:colcon.colcon_core.shell:Creating package script '/home/makarand/ros2_wc/install/my_package_cpp/share/my_package_cpp/package.sh'
[0.374s] INFO:colcon.colcon_core.shell:Creating package script '/home/makarand/ros2_wc/install/my_package_cpp/share/my_package_cpp/package.bash'
[0.375s] INFO:colcon.colcon_core.shell:Creating package script '/home/makarand/ros2_wc/install/my_package_cpp/share/my_package_cpp/package.zsh'
[0.377s] Level 1:colcon.colcon_core.environment:create_file_with_runtime_dependencies(/home/makarand/ros2_wc/install/my_package_cpp/share/colcon-core/packages/my_package_cpp)
[1.389s] DEBUG:colcon.colcon_core.event_handler.log_command:Invoked command in '/home/makarand/ros2_wc/build/my_package_publisher' returned '0': CMAKE_PREFIX_PATH=${CMAKE_PREFIX_PATH}:/opt/ros/rolling DEBUGINFOD_URLS=https://debuginfod.ubuntu.com /usr/bin/cmake /home/makarand/ros2_wc/src/my_package_publisher -DCMAKE_INSTALL_PREFIX=/home/makarand/ros2_wc/install/my_package_publisher
[1.389s] DEBUG:colcon.colcon_core.event_handler.log_command:Invoking command in '/home/makarand/ros2_wc/build/my_package_publisher': CMAKE_PREFIX_PATH=${CMAKE_PREFIX_PATH}:/opt/ros/rolling DEBUGINFOD_URLS=https://debuginfod.ubuntu.com /usr/bin/cmake --build /home/makarand/ros2_wc/build/my_package_publisher -- -j4 -l4
[6.324s] DEBUG:colcon.colcon_core.event_handler.log_command:Invoked command in '/home/makarand/ros2_wc/build/my_package_publisher' returned '0': CMAKE_PREFIX_PATH=${CMAKE_PREFIX_PATH}:/opt/ros/rolling DEBUGINFOD_URLS=https://debuginfod.ubuntu.com /usr/bin/cmake --build /home/makarand/ros2_wc/build/my_package_publisher -- -j4 -l4
[6.326s] DEBUG:colcon.colcon_core.event_handler.log_command:Invoking command in '/home/makarand/ros2_wc/build/my_package_publisher': CMAKE_PREFIX_PATH=${CMAKE_PREFIX_PATH}:/opt/ros/rolling DEBUGINFOD_URLS=https://debuginfod.ubuntu.com /usr/bin/cmake --install /home/makarand/ros2_wc/build/my_package_publisher
[6.340s] Level 1:colcon.colcon_core.environment:create_environment_scripts_only(my_package_publisher)
[6.340s] Level 1:colcon.colcon_core.environment:checking '/home/makarand/ros2_wc/install/my_package_publisher' for CMake module files
[6.342s] DEBUG:colcon.colcon_core.event_handler.log_command:Invoked command in '/home/makarand/ros2_wc/build/my_package_publisher' returned '0': CMAKE_PREFIX_PATH=${CMAKE_PREFIX_PATH}:/opt/ros/rolling DEBUGINFOD_URLS=https://debuginfod.ubuntu.com /usr/bin/cmake --install /home/makarand/ros2_wc/build/my_package_publisher
[6.342s] Level 1:colcon.colcon_core.environment:checking '/home/makarand/ros2_wc/install/my_package_publisher' for CMake config files
[6.342s] Level 1:colcon.colcon_core.shell:create_environment_hook('my_package_publisher', 'cmake_prefix_path')
[6.343s] INFO:colcon.colcon_core.shell:Creating environment hook '/home/makarand/ros2_wc/install/my_package_publisher/share/my_package_publisher/hook/cmake_prefix_path.ps1'
[6.343s] INFO:colcon.colcon_core.shell:Creating environment descriptor '/home/makarand/ros2_wc/install/my_package_publisher/share/my_package_publisher/hook/cmake_prefix_path.dsv'
[6.343s] INFO:colcon.colcon_core.shell:Creating environment hook '/home/makarand/ros2_wc/install/my_package_publisher/share/my_package_publisher/hook/cmake_prefix_path.sh'
[6.344s] Level 1:colcon.colcon_core.environment:checking '/home/makarand/ros2_wc/install/my_package_publisher/lib'
[6.344s] Level 1:colcon.colcon_core.environment:checking '/home/makarand/ros2_wc/install/my_package_publisher/bin'
[6.344s] Level 1:colcon.colcon_core.environment:checking '/home/makarand/ros2_wc/install/my_package_publisher/lib/pkgconfig/my_package_publisher.pc'
[6.344s] Level 1:colcon.colcon_core.environment:checking '/home/makarand/ros2_wc/install/my_package_publisher/lib/python3.12/site-packages'
[6.344s] Level 1:colcon.colcon_core.environment:checking '/home/makarand/ros2_wc/install/my_package_publisher/bin'
[6.344s] INFO:colcon.colcon_core.shell:Creating package script '/home/makarand/ros2_wc/install/my_package_publisher/share/my_package_publisher/package.ps1'
[6.346s] INFO:colcon.colcon_core.shell:Creating package descriptor '/home/makarand/ros2_wc/install/my_package_publisher/share/my_package_publisher/package.dsv'
[6.347s] INFO:colcon.colcon_core.shell:Creating package script '/home/makarand/ros2_wc/install/my_package_publisher/share/my_package_publisher/package.sh'
[6.349s] INFO:colcon.colcon_core.shell:Creating package script '/home/makarand/ros2_wc/install/my_package_publisher/share/my_package_publisher/package.bash'
[6.349s] INFO:colcon.colcon_core.shell:Creating package script '/home/makarand/ros2_wc/install/my_package_publisher/share/my_package_publisher/package.zsh'
[6.350s] Level 1:colcon.colcon_core.environment:create_file_with_runtime_dependencies(/home/makarand/ros2_wc/install/my_package_publisher/share/colcon-core/packages/my_package_publisher)
[6.351s] Level 1:colcon.colcon_core.environment:create_environment_scripts_only(my_package_publisher)
[6.351s] Level 1:colcon.colcon_core.environment:checking '/home/makarand/ros2_wc/install/my_package_publisher' for CMake module files
[6.351s] Level 1:colcon.colcon_core.environment:checking '/home/makarand/ros2_wc/install/my_package_publisher' for CMake config files
[6.351s] Level 1:colcon.colcon_core.shell:create_environment_hook('my_package_publisher', 'cmake_prefix_path')
[6.352s] INFO:colcon.colcon_core.shell:Creating environment hook '/home/makarand/ros2_wc/install/my_package_publisher/share/my_package_publisher/hook/cmake_prefix_path.ps1'
[6.352s] INFO:colcon.colcon_core.shell:Creating environment descriptor '/home/makarand/ros2_wc/install/my_package_publisher/share/my_package_publisher/hook/cmake_prefix_path.dsv'
[6.352s] INFO:colcon.colcon_core.shell:Creating environment hook '/home/makarand/ros2_wc/install/my_package_publisher/share/my_package_publisher/hook/cmake_prefix_path.sh'
[6.353s] Level 1:colcon.colcon_core.environment:checking '/home/makarand/ros2_wc/install/my_package_publisher/lib'
[6.354s] Level 1:colcon.colcon_core.environment:checking '/home/makarand/ros2_wc/install/my_package_publisher/bin'
[6.354s] Level 1:colcon.colcon_core.environment:checking '/home/makarand/ros2_wc/install/my_package_publisher/lib/pkgconfig/my_package_publisher.pc'
[6.354s] Level 1:colcon.colcon_core.environment:checking '/home/makarand/ros2_wc/install/my_package_publisher/lib/python3.12/site-packages'
[6.354s] Level 1:colcon.colcon_core.environment:checking '/home/makarand/ros2_wc/install/my_package_publisher/bin'
[6.354s] INFO:colcon.colcon_core.shell:Creating package script '/home/makarand/ros2_wc/install/my_package_publisher/share/my_package_publisher/package.ps1'
[6.354s] INFO:colcon.colcon_core.shell:Creating package descriptor '/home/makarand/ros2_wc/install/my_package_publisher/share/my_package_publisher/package.dsv'
[6.355s] INFO:colcon.colcon_core.shell:Creating package script '/home/makarand/ros2_wc/install/my_package_publisher/share/my_package_publisher/package.sh'
[6.356s] INFO:colcon.colcon_core.shell:Creating package script '/home/makarand/ros2_wc/install/my_package_publisher/share/my_package_publisher/package.bash'
[6.356s] INFO:colcon.colcon_core.shell:Creating package script '/home/makarand/ros2_wc/install/my_package_publisher/share/my_package_publisher/package.zsh'
[6.357s] Level 1:colcon.colcon_core.environment:create_file_with_runtime_dependencies(/home/makarand/ros2_wc/install/my_package_publisher/share/colcon-core/packages/my_package_publisher)
[6.358s] DEBUG:colcon.colcon_parallel_executor.executor.parallel:closing loop
[6.358s] DEBUG:colcon.colcon_parallel_executor.executor.parallel:loop closed
[6.358s] DEBUG:colcon.colcon_parallel_executor.executor.parallel:run_until_complete finished with '0'
[6.358s] DEBUG:colcon.colcon_core.event_reactor:joining thread
[6.364s] INFO:colcon.colcon_core.plugin_system:Skipping extension 'colcon_notification.desktop_notification.terminal_notifier': Not used on non-Darwin systems
[6.364s] INFO:colcon.colcon_core.plugin_system:Skipping extension 'colcon_notification.desktop_notification.win32': Not used on non-Windows systems
[6.364s] INFO:colcon.colcon_notification.desktop_notification:Sending desktop notification using 'notify2'
[6.432s] DEBUG:colcon.colcon_core.event_reactor:joined thread
[6.432s] INFO:colcon.colcon_core.shell:Creating prefix script '/home/makarand/ros2_wc/install/local_setup.ps1'
[6.434s] INFO:colcon.colcon_core.shell:Creating prefix util module '/home/makarand/ros2_wc/install/_local_setup_util_ps1.py'
[6.436s] INFO:colcon.colcon_core.shell:Creating prefix chain script '/home/makarand/ros2_wc/install/setup.ps1'
[6.439s] INFO:colcon.colcon_core.shell:Creating prefix script '/home/makarand/ros2_wc/install/local_setup.sh'
[6.440s] INFO:colcon.colcon_core.shell:Creating prefix util module '/home/makarand/ros2_wc/install/_local_setup_util_sh.py'
[6.441s] INFO:colcon.colcon_core.shell:Creating prefix chain script '/home/makarand/ros2_wc/install/setup.sh'
[6.442s] INFO:colcon.colcon_core.shell:Creating prefix script '/home/makarand/ros2_wc/install/local_setup.bash'
[6.443s] INFO:colcon.colcon_core.shell:Creating prefix chain script '/home/makarand/ros2_wc/install/setup.bash'
[6.444s] INFO:colcon.colcon_core.shell:Creating prefix script '/home/makarand/ros2_wc/install/local_setup.zsh'
[6.445s] INFO:colcon.colcon_core.shell:Creating prefix chain script '/home/makarand/ros2_wc/install/setup.zsh'
