[  0%] Built target publisher_autogen_timestamp_deps
[ 16%] [34m[1mAutomatic MOC and UIC for target publisher[0m
[ 16%] Built target publisher_autogen
[ 33%] [32mBuilding CXX object CMakeFiles/publisher.dir/src/main.cpp.o[0m
In file included from [01m[K/opt/ros/rolling/include/rclcpp/rclcpp/node_interfaces/node_graph_interface.hpp:33[m[K,
                 from [01m[K/opt/ros/rolling/include/rclcpp/rclcpp/client.hpp:45[m[K,
                 from [01m[K/opt/ros/rolling/include/rclcpp/rclcpp/callback_group.hpp:24[m[K,
                 from [01m[K/opt/ros/rolling/include/rclcpp/rclcpp/any_executable.hpp:20[m[K,
                 from [01m[K/opt/ros/rolling/include/rclcpp/rclcpp/memory_strategy.hpp:25[m[K,
                 from [01m[K/opt/ros/rolling/include/rclcpp/rclcpp/memory_strategies.hpp:18[m[K,
                 from [01m[K/opt/ros/rolling/include/rclcpp/rclcpp/executor_options.hpp:22[m[K,
                 from [01m[K/opt/ros/rolling/include/rclcpp/rclcpp/executor.hpp:38[m[K,
                 from [01m[K/opt/ros/rolling/include/rclcpp/rclcpp/executors/multi_threaded_executor.hpp:25[m[K,
                 from [01m[K/opt/ros/rolling/include/rclcpp/rclcpp/executors.hpp:21[m[K,
                 from [01m[K/opt/ros/rolling/include/rclcpp/rclcpp/rclcpp.hpp:172[m[K,
                 from [01m[K/home/makarand/ros2_wc/src/my_package_publisher/src/main.cpp:2[m[K:
[01m[K/opt/ros/rolling/include/rclcpp/rclcpp/qos.hpp:478:35:[m[K [01;35m[Kwarning: [m[K‘[01m[Krcl_qos_profile_rosout_default[m[K’ is deprecated: use rmw_qos_profile_rosout_default instead [[01;35m[K]8;;https://gcc.gnu.org/onlinedocs/gcc/Warning-Options.html#index-Wdeprecated-declarations-Wdeprecated-declarations]8;;[m[K]
  478 |       QoSInitialization::from_rmw([01;35m[Krcl_qos_profile_rosout_default[m[K)
      |                                   [01;35m[K^~~~~~~~~~~~~~~~~~~~~~~~~~~~~~[m[K
In file included from [01m[K/opt/ros/rolling/include/rclcpp/rclcpp/qos.hpp:23[m[K:
[01m[K/opt/ros/rolling/include/rcl/rcl/logging_rosout.h:41:32:[m[K [01;36m[Knote: [m[Kdeclared here
   41 | static const rmw_qos_profile_t [01;36m[Krcl_qos_profile_rosout_default[m[K =
      |                                [01;36m[K^~~~~~~~~~~~~~~~~~~~~~~~~~~~~~[m[K
[ 50%] [32m[1mLinking CXX executable publisher[0m
[100%] Built target publisher
-- Install configuration: ""
-- Installing: /home/makarand/ros2_wc/install/my_package_publisher/lib/my_package_publisher/publisher
-- Set non-toolchain portion of runtime path of "/home/makarand/ros2_wc/install/my_package_publisher/lib/my_package_publisher/publisher" to ""
-- Up-to-date: /home/makarand/ros2_wc/install/my_package_publisher/share/ament_index/resource_index/package_run_dependencies/my_package_publisher
-- Up-to-date: /home/makarand/ros2_wc/install/my_package_publisher/share/ament_index/resource_index/parent_prefix_path/my_package_publisher
-- Up-to-date: /home/makarand/ros2_wc/install/my_package_publisher/share/my_package_publisher/environment/ament_prefix_path.sh
-- Up-to-date: /home/makarand/ros2_wc/install/my_package_publisher/share/my_package_publisher/environment/ament_prefix_path.dsv
-- Up-to-date: /home/makarand/ros2_wc/install/my_package_publisher/share/my_package_publisher/environment/path.sh
-- Up-to-date: /home/makarand/ros2_wc/install/my_package_publisher/share/my_package_publisher/environment/path.dsv
-- Up-to-date: /home/makarand/ros2_wc/install/my_package_publisher/share/my_package_publisher/local_setup.bash
-- Up-to-date: /home/makarand/ros2_wc/install/my_package_publisher/share/my_package_publisher/local_setup.sh
-- Up-to-date: /home/makarand/ros2_wc/install/my_package_publisher/share/my_package_publisher/local_setup.zsh
-- Up-to-date: /home/makarand/ros2_wc/install/my_package_publisher/share/my_package_publisher/local_setup.dsv
-- Installing: /home/makarand/ros2_wc/install/my_package_publisher/share/my_package_publisher/package.dsv
-- Up-to-date: /home/makarand/ros2_wc/install/my_package_publisher/share/ament_index/resource_index/packages/my_package_publisher
-- Up-to-date: /home/makarand/ros2_wc/install/my_package_publisher/share/my_package_publisher/cmake/my_package_publisherConfig.cmake
-- Up-to-date: /home/makarand/ros2_wc/install/my_package_publisher/share/my_package_publisher/cmake/my_package_publisherConfig-version.cmake
-- Up-to-date: /home/makarand/ros2_wc/install/my_package_publisher/share/my_package_publisher/package.xml
