[  0%] Built target publisher_autogen_timestamp_deps
[ 16%] [34m[1mAutomatic MOC and UIC for target publisher[0m
[ 16%] Built target publisher_autogen
[ 33%] [32mBuilding CXX object CMakeFiles/publisher.dir/src/main.cpp.o[0m
[ 50%] [32m[1mLinking CXX executable publisher[0m
[100%] Built target publisher
-- Install configuration: ""
-- Installing: /home/makarand/ros2_wc/install/my_package_publisher/lib/my_package_publisher/publisher
-- Set non-toolchain portion of runtime path of "/home/makarand/ros2_wc/install/my_package_publisher/lib/my_package_publisher/publisher" to ""
-- Up-to-date: /home/makarand/ros2_wc/install/my_package_publisher/share/ament_index/resource_index/package_run_dependencies/my_package_publisher
-- Up-to-date: /home/makarand/ros2_wc/install/my_package_publisher/share/ament_index/resource_index/parent_prefix_path/my_package_publisher
-- Up-to-date: /home/makarand/ros2_wc/install/my_package_publisher/share/my_package_publisher/environment/ament_prefix_path.sh
-- Up-to-date: /home/makarand/ros2_wc/install/my_package_publisher/share/my_package_publisher/environment/ament_prefix_path.dsv
-- Up-to-date: /home/makarand/ros2_wc/install/my_package_publisher/share/my_package_publisher/environment/path.sh
-- Up-to-date: /home/makarand/ros2_wc/install/my_package_publisher/share/my_package_publisher/environment/path.dsv
-- Up-to-date: /home/makarand/ros2_wc/install/my_package_publisher/share/my_package_publisher/local_setup.bash
-- Up-to-date: /home/makarand/ros2_wc/install/my_package_publisher/share/my_package_publisher/local_setup.sh
-- Up-to-date: /home/makarand/ros2_wc/install/my_package_publisher/share/my_package_publisher/local_setup.zsh
-- Up-to-date: /home/makarand/ros2_wc/install/my_package_publisher/share/my_package_publisher/local_setup.dsv
-- Installing: /home/makarand/ros2_wc/install/my_package_publisher/share/my_package_publisher/package.dsv
-- Up-to-date: /home/makarand/ros2_wc/install/my_package_publisher/share/ament_index/resource_index/packages/my_package_publisher
-- Up-to-date: /home/makarand/ros2_wc/install/my_package_publisher/share/my_package_publisher/cmake/my_package_publisherConfig.cmake
-- Up-to-date: /home/makarand/ros2_wc/install/my_package_publisher/share/my_package_publisher/cmake/my_package_publisherConfig-version.cmake
-- Up-to-date: /home/makarand/ros2_wc/install/my_package_publisher/share/my_package_publisher/package.xml
