[0.059s] Invoking command in '/home/makarand/ros2_wc/build/my_package_publisher': CMAKE_PREFIX_PATH=${CMAKE_PREFIX_PATH}:/opt/ros/rolling DEBUGINFOD_URLS=https://debuginfod.ubuntu.com /usr/bin/cmake --build /home/makarand/ros2_wc/build/my_package_publisher -- -j4 -l4
[0.206s] [  0%] Built target publisher_autogen_timestamp_deps
[0.299s] [ 16%] [34m[1mAutomatic MOC and UIC for target publisher[0m
[0.416s] [ 16%] Built target publisher_autogen
[0.542s] [ 33%] [32mBuilding CXX object CMakeFiles/publisher.dir/src/main.cpp.o[0m
[2.036s] In file included from [01m[K/opt/ros/rolling/include/rclcpp/rclcpp/node_interfaces/node_graph_interface.hpp:33[m[K,
[2.036s]                  from [01m[K/opt/ros/rolling/include/rclcpp/rclcpp/client.hpp:45[m[K,
[2.036s]                  from [01m[K/opt/ros/rolling/include/rclcpp/rclcpp/callback_group.hpp:24[m[K,
[2.036s]                  from [01m[K/opt/ros/rolling/include/rclcpp/rclcpp/any_executable.hpp:20[m[K,
[2.036s]                  from [01m[K/opt/ros/rolling/include/rclcpp/rclcpp/memory_strategy.hpp:25[m[K,
[2.036s]                  from [01m[K/opt/ros/rolling/include/rclcpp/rclcpp/memory_strategies.hpp:18[m[K,
[2.036s]                  from [01m[K/opt/ros/rolling/include/rclcpp/rclcpp/executor_options.hpp:22[m[K,
[2.037s]                  from [01m[K/opt/ros/rolling/include/rclcpp/rclcpp/executor.hpp:38[m[K,
[2.037s]                  from [01m[K/opt/ros/rolling/include/rclcpp/rclcpp/executors/multi_threaded_executor.hpp:25[m[K,
[2.037s]                  from [01m[K/opt/ros/rolling/include/rclcpp/rclcpp/executors.hpp:21[m[K,
[2.039s]                  from [01m[K/opt/ros/rolling/include/rclcpp/rclcpp/rclcpp.hpp:172[m[K,
[2.039s]                  from [01m[K/home/makarand/ros2_wc/src/my_package_publisher/src/main.cpp:2[m[K:
[2.039s] [01m[K/opt/ros/rolling/include/rclcpp/rclcpp/qos.hpp:478:35:[m[K [01;35m[Kwarning: [m[K‘[01m[Krcl_qos_profile_rosout_default[m[K’ is deprecated: use rmw_qos_profile_rosout_default instead [[01;35m[K]8;;https://gcc.gnu.org/onlinedocs/gcc/Warning-Options.html#index-Wdeprecated-declarations-Wdeprecated-declarations]8;;[m[K]
[2.039s]   478 |       QoSInitialization::from_rmw([01;35m[Krcl_qos_profile_rosout_default[m[K)
[2.039s]       |                                   [01;35m[K^~~~~~~~~~~~~~~~~~~~~~~~~~~~~~[m[K
[2.040s] In file included from [01m[K/opt/ros/rolling/include/rclcpp/rclcpp/qos.hpp:23[m[K:
[2.040s] [01m[K/opt/ros/rolling/include/rcl/rcl/logging_rosout.h:41:32:[m[K [01;36m[Knote: [m[Kdeclared here
[2.040s]    41 | static const rmw_qos_profile_t [01;36m[Krcl_qos_profile_rosout_default[m[K =
[2.040s]       |                                [01;36m[K^~~~~~~~~~~~~~~~~~~~~~~~~~~~~~[m[K
[6.111s] [ 50%] [32m[1mLinking CXX executable publisher[0m
[6.584s] [100%] Built target publisher
[6.616s] Invoked command in '/home/makarand/ros2_wc/build/my_package_publisher' returned '0': CMAKE_PREFIX_PATH=${CMAKE_PREFIX_PATH}:/opt/ros/rolling DEBUGINFOD_URLS=https://debuginfod.ubuntu.com /usr/bin/cmake --build /home/makarand/ros2_wc/build/my_package_publisher -- -j4 -l4
[6.618s] Invoking command in '/home/makarand/ros2_wc/build/my_package_publisher': CMAKE_PREFIX_PATH=${CMAKE_PREFIX_PATH}:/opt/ros/rolling DEBUGINFOD_URLS=https://debuginfod.ubuntu.com /usr/bin/cmake --install /home/makarand/ros2_wc/build/my_package_publisher
[6.629s] -- Install configuration: ""
[6.632s] -- Installing: /home/makarand/ros2_wc/install/my_package_publisher/lib/my_package_publisher/publisher
[6.632s] -- Set non-toolchain portion of runtime path of "/home/makarand/ros2_wc/install/my_package_publisher/lib/my_package_publisher/publisher" to ""
[6.632s] -- Up-to-date: /home/makarand/ros2_wc/install/my_package_publisher/share/ament_index/resource_index/package_run_dependencies/my_package_publisher
[6.632s] -- Up-to-date: /home/makarand/ros2_wc/install/my_package_publisher/share/ament_index/resource_index/parent_prefix_path/my_package_publisher
[6.632s] -- Up-to-date: /home/makarand/ros2_wc/install/my_package_publisher/share/my_package_publisher/environment/ament_prefix_path.sh
[6.632s] -- Up-to-date: /home/makarand/ros2_wc/install/my_package_publisher/share/my_package_publisher/environment/ament_prefix_path.dsv
[6.632s] -- Up-to-date: /home/makarand/ros2_wc/install/my_package_publisher/share/my_package_publisher/environment/path.sh
[6.632s] -- Up-to-date: /home/makarand/ros2_wc/install/my_package_publisher/share/my_package_publisher/environment/path.dsv
[6.632s] -- Up-to-date: /home/makarand/ros2_wc/install/my_package_publisher/share/my_package_publisher/local_setup.bash
[6.632s] -- Up-to-date: /home/makarand/ros2_wc/install/my_package_publisher/share/my_package_publisher/local_setup.sh
[6.632s] -- Up-to-date: /home/makarand/ros2_wc/install/my_package_publisher/share/my_package_publisher/local_setup.zsh
[6.632s] -- Up-to-date: /home/makarand/ros2_wc/install/my_package_publisher/share/my_package_publisher/local_setup.dsv
[6.632s] -- Installing: /home/makarand/ros2_wc/install/my_package_publisher/share/my_package_publisher/package.dsv
[6.632s] -- Up-to-date: /home/makarand/ros2_wc/install/my_package_publisher/share/ament_index/resource_index/packages/my_package_publisher
[6.632s] -- Up-to-date: /home/makarand/ros2_wc/install/my_package_publisher/share/my_package_publisher/cmake/my_package_publisherConfig.cmake
[6.633s] -- Up-to-date: /home/makarand/ros2_wc/install/my_package_publisher/share/my_package_publisher/cmake/my_package_publisherConfig-version.cmake
[6.633s] -- Up-to-date: /home/makarand/ros2_wc/install/my_package_publisher/share/my_package_publisher/package.xml
[6.636s] Invoked command in '/home/makarand/ros2_wc/build/my_package_publisher' returned '0': CMAKE_PREFIX_PATH=${CMAKE_PREFIX_PATH}:/opt/ros/rolling DEBUGINFOD_URLS=https://debuginfod.ubuntu.com /usr/bin/cmake --install /home/makarand/ros2_wc/build/my_package_publisher
