[ 50%] [32mBuilding CXX object CMakeFiles/subscriber.dir/src/subscriber.cpp.o[0m
[100%] [32m[1mLinking CXX executable subscriber[0m
[100%] Built target subscriber
-- Install configuration: ""
-- Installing: /home/makarand/ros2_wc/install/my_package_cpp/lib/my_package_cpp/subscriber
-- Set non-toolchain portion of runtime path of "/home/makarand/ros2_wc/install/my_package_cpp/lib/my_package_cpp/subscriber" to ""
-- Up-to-date: /home/makarand/ros2_wc/install/my_package_cpp/share/ament_index/resource_index/package_run_dependencies/my_package_cpp
-- Up-to-date: /home/makarand/ros2_wc/install/my_package_cpp/share/ament_index/resource_index/parent_prefix_path/my_package_cpp
-- Up-to-date: /home/makarand/ros2_wc/install/my_package_cpp/share/my_package_cpp/environment/ament_prefix_path.sh
-- Up-to-date: /home/makarand/ros2_wc/install/my_package_cpp/share/my_package_cpp/environment/ament_prefix_path.dsv
-- Up-to-date: /home/makarand/ros2_wc/install/my_package_cpp/share/my_package_cpp/environment/path.sh
-- Up-to-date: /home/makarand/ros2_wc/install/my_package_cpp/share/my_package_cpp/environment/path.dsv
-- Up-to-date: /home/makarand/ros2_wc/install/my_package_cpp/share/my_package_cpp/local_setup.bash
-- Up-to-date: /home/makarand/ros2_wc/install/my_package_cpp/share/my_package_cpp/local_setup.sh
-- Up-to-date: /home/makarand/ros2_wc/install/my_package_cpp/share/my_package_cpp/local_setup.zsh
-- Up-to-date: /home/makarand/ros2_wc/install/my_package_cpp/share/my_package_cpp/local_setup.dsv
-- Installing: /home/makarand/ros2_wc/install/my_package_cpp/share/my_package_cpp/package.dsv
-- Up-to-date: /home/makarand/ros2_wc/install/my_package_cpp/share/ament_index/resource_index/packages/my_package_cpp
-- Up-to-date: /home/makarand/ros2_wc/install/my_package_cpp/share/my_package_cpp/cmake/my_package_cppConfig.cmake
-- Up-to-date: /home/makarand/ros2_wc/install/my_package_cpp/share/my_package_cpp/cmake/my_package_cppConfig-version.cmake
-- Up-to-date: /home/makarand/ros2_wc/install/my_package_cpp/share/my_package_cpp/package.xml
