[0.057s] Invoking command in '/home/makarand/ros2_wc/build/my_package_cpp': CMAKE_PREFIX_PATH=${CMAKE_PREFIX_PATH}:/opt/ros/rolling DEBUGINFOD_URLS=https://debuginfod.ubuntu.com /usr/bin/cmake --build /home/makarand/ros2_wc/build/my_package_cpp -- -j4 -l4
[0.231s] [100%] Built target subscriber
[0.277s] Invoked command in '/home/makarand/ros2_wc/build/my_package_cpp' returned '0': CMAKE_PREFIX_PATH=${CMAKE_PREFIX_PATH}:/opt/ros/rolling DEBUGINFOD_URLS=https://debuginfod.ubuntu.com /usr/bin/cmake --build /home/makarand/ros2_wc/build/my_package_cpp -- -j4 -l4
[0.297s] Invoking command in '/home/makarand/ros2_wc/build/my_package_cpp': CMAKE_PREFIX_PATH=${CMAKE_PREFIX_PATH}:/opt/ros/rolling DEBUGINFOD_URLS=https://debuginfod.ubuntu.com /usr/bin/cmake --install /home/makarand/ros2_wc/build/my_package_cpp
[0.318s] -- Install configuration: ""
[0.318s] -- Up-to-date: /home/makarand/ros2_wc/install/my_package_cpp/lib/my_package_cpp/subscriber
[0.319s] -- Up-to-date: /home/makarand/ros2_wc/install/my_package_cpp/share/ament_index/resource_index/package_run_dependencies/my_package_cpp
[0.320s] -- Up-to-date: /home/makarand/ros2_wc/install/my_package_cpp/share/ament_index/resource_index/parent_prefix_path/my_package_cpp
[0.320s] -- Up-to-date: /home/makarand/ros2_wc/install/my_package_cpp/share/my_package_cpp/environment/ament_prefix_path.sh
[0.320s] -- Up-to-date: /home/makarand/ros2_wc/install/my_package_cpp/share/my_package_cpp/environment/ament_prefix_path.dsv
[0.321s] -- Up-to-date: /home/makarand/ros2_wc/install/my_package_cpp/share/my_package_cpp/environment/path.sh
[0.321s] -- Up-to-date: /home/makarand/ros2_wc/install/my_package_cpp/share/my_package_cpp/environment/path.dsv
[0.321s] -- Up-to-date: /home/makarand/ros2_wc/install/my_package_cpp/share/my_package_cpp/local_setup.bash
[0.321s] -- Up-to-date: /home/makarand/ros2_wc/install/my_package_cpp/share/my_package_cpp/local_setup.sh
[0.321s] -- Up-to-date: /home/makarand/ros2_wc/install/my_package_cpp/share/my_package_cpp/local_setup.zsh
[0.322s] -- Up-to-date: /home/makarand/ros2_wc/install/my_package_cpp/share/my_package_cpp/local_setup.dsv
[0.322s] -- Installing: /home/makarand/ros2_wc/install/my_package_cpp/share/my_package_cpp/package.dsv
[0.329s] -- Up-to-date: /home/makarand/ros2_wc/install/my_package_cpp/share/ament_index/resource_index/packages/my_package_cpp
[0.329s] -- Up-to-date: /home/makarand/ros2_wc/install/my_package_cpp/share/my_package_cpp/cmake/my_package_cppConfig.cmake
[0.330s] -- Up-to-date: /home/makarand/ros2_wc/install/my_package_cpp/share/my_package_cpp/cmake/my_package_cppConfig-version.cmake
[0.330s] -- Up-to-date: /home/makarand/ros2_wc/install/my_package_cpp/share/my_package_cpp/package.xml
[0.339s] Invoked command in '/home/makarand/ros2_wc/build/my_package_cpp' returned '0': CMAKE_PREFIX_PATH=${CMAKE_PREFIX_PATH}:/opt/ros/rolling DEBUGINFOD_URLS=https://debuginfod.ubuntu.com /usr/bin/cmake --install /home/makarand/ros2_wc/build/my_package_cpp
