[0.015s] Invoking command in '/home/makarand/ros2_wc/build/my_package_cpp': CMAKE_PREFIX_PATH=${CMAKE_PREFIX_PATH}:/opt/ros/rolling DEBUGINFOD_URLS=https://debuginfod.ubuntu.com /usr/bin/cmake --build /home/makarand/ros2_wc/build/my_package_cpp -- -j4 -l4
[0.139s] [100%] Built target subscriber
[0.156s] Invoked command in '/home/makarand/ros2_wc/build/my_package_cpp' returned '0': CMAKE_PREFIX_PATH=${CMAKE_PREFIX_PATH}:/opt/ros/rolling DEBUGINFOD_URLS=https://debuginfod.ubuntu.com /usr/bin/cmake --build /home/makarand/ros2_wc/build/my_package_cpp -- -j4 -l4
[0.165s] Invoking command in '/home/makarand/ros2_wc/build/my_package_cpp': CMAKE_PREFIX_PATH=${CMAKE_PREFIX_PATH}:/opt/ros/rolling DEBUGINFOD_URLS=https://debuginfod.ubuntu.com /usr/bin/cmake --install /home/makarand/ros2_wc/build/my_package_cpp
[0.174s] -- Install configuration: ""
[0.174s] -- Up-to-date: /home/makarand/ros2_wc/install/my_package_cpp/lib/my_package_cpp/subscriber
[0.178s] -- Up-to-date: /home/makarand/ros2_wc/install/my_package_cpp/share/ament_index/resource_index/package_run_dependencies/my_package_cpp
[0.178s] -- Up-to-date: /home/makarand/ros2_wc/install/my_package_cpp/share/ament_index/resource_index/parent_prefix_path/my_package_cpp
[0.178s] -- Up-to-date: /home/makarand/ros2_wc/install/my_package_cpp/share/my_package_cpp/environment/ament_prefix_path.sh
[0.178s] -- Up-to-date: /home/makarand/ros2_wc/install/my_package_cpp/share/my_package_cpp/environment/ament_prefix_path.dsv
[0.178s] -- Up-to-date: /home/makarand/ros2_wc/install/my_package_cpp/share/my_package_cpp/environment/path.sh
[0.178s] -- Up-to-date: /home/makarand/ros2_wc/install/my_package_cpp/share/my_package_cpp/environment/path.dsv
[0.178s] -- Up-to-date: /home/makarand/ros2_wc/install/my_package_cpp/share/my_package_cpp/local_setup.bash
[0.179s] -- Up-to-date: /home/makarand/ros2_wc/install/my_package_cpp/share/my_package_cpp/local_setup.sh
[0.179s] -- Up-to-date: /home/makarand/ros2_wc/install/my_package_cpp/share/my_package_cpp/local_setup.zsh
[0.179s] -- Up-to-date: /home/makarand/ros2_wc/install/my_package_cpp/share/my_package_cpp/local_setup.dsv
[0.179s] -- Installing: /home/makarand/ros2_wc/install/my_package_cpp/share/my_package_cpp/package.dsv
[0.179s] -- Up-to-date: /home/makarand/ros2_wc/install/my_package_cpp/share/ament_index/resource_index/packages/my_package_cpp
[0.179s] -- Up-to-date: /home/makarand/ros2_wc/install/my_package_cpp/share/my_package_cpp/cmake/my_package_cppConfig.cmake
[0.180s] -- Up-to-date: /home/makarand/ros2_wc/install/my_package_cpp/share/my_package_cpp/cmake/my_package_cppConfig-version.cmake
[0.181s] -- Up-to-date: /home/makarand/ros2_wc/install/my_package_cpp/share/my_package_cpp/package.xml
[0.182s] Invoked command in '/home/makarand/ros2_wc/build/my_package_cpp' returned '0': CMAKE_PREFIX_PATH=${CMAKE_PREFIX_PATH}:/opt/ros/rolling DEBUGINFOD_URLS=https://debuginfod.ubuntu.com /usr/bin/cmake --install /home/makarand/ros2_wc/build/my_package_cpp
